#
# There is insufficient memory for the Java Runtime Environment to continue.
# Native memory allocation (mmap) failed to map 65536 bytes for Failed to commit metaspace.
# Possible reasons:
#   The system is out of physical RAM or swap space
#   The process is running with CompressedOops enabled, and the Java Heap may be blocking the growth of the native heap
# Possible solutions:
#   Reduce memory load on the system
#   Increase physical memory or swap space
#   Check if swap backing store is full
#   Decrease Java heap size (-Xmx/-Xms)
#   Decrease number of Java threads
#   Decrease Java thread stack sizes (-Xss)
#   Set larger code cache with -XX:ReservedCodeCacheSize=
#   JVM is running with Unscaled Compressed Oops mode in which the Java heap is
#     placed in the first 4GB address space. The Java Heap base address is the
#     maximum limit for the native heap growth. Please use -XX:HeapBaseMinAddress
#     to set the Java Heap base and to place the Java Heap above 4GB virtual address.
# This output file may be truncated or incomplete.
#
#  Out of Memory Error (virtualSpaceNode.cpp:110), pid=8032, tid=17976
#
# JRE version: Java(TM) SE Runtime Environment (17.0.10+11) (build 17.0.10+11-LTS-240)
# Java VM: Java HotSpot(TM) 64-Bit Server VM (17.0.10+11-LTS-240, mixed mode, emulated-client, sharing, tiered, compressed oops, compressed class ptrs, g1 gc, windows-amd64)
# No core dump will be written. Minidumps are not enabled by default on client versions of Windows
#

---------------  S U M M A R Y ------------

Command Line: -Dcom.sun.management.jmxremote -Dcom.sun.management.jmxremote.port=58073 -Dcom.sun.management.jmxremote.authenticate=false -Dcom.sun.management.jmxremote.ssl=false -Djava.rmi.server.hostname=localhost -Dspring.jmx.enabled=true -Dmanagement.endpoints.jmx.exposure.include=* -Dspring.application.admin.enabled=true -XX:TieredStopAtLevel=1 -Dspring.boot.project.name=management -Dfile.encoding=UTF-8 -Dstdout.encoding=UTF-8 -Dstderr.encoding=UTF-8 -XX:+ShowCodeDetailsInExceptionMessages com.becoder.ManagementApplication --spring.output.ansi.enabled=always

Host: AMD A6-7310 APU with AMD Radeon R4 Graphics    , 4 cores, 3G,  Windows 10 , 64 bit Build 19041 (10.0.19041.3636)
Time: Mon Feb  5 15:46:50 2024 India Standard Time elapsed time: 31.673206 seconds (0d 0h 0m 31s)

---------------  T H R E A D  ---------------

Current thread (0x000002051a92b2d0):  JavaThread "restartedMain" [_thread_in_vm, id=17976, stack(0x0000007a8ac00000,0x0000007a8ad00000)]

Stack: [0x0000007a8ac00000,0x0000007a8ad00000]
Native frames: (J=compiled Java code, j=interpreted, Vv=VM code, C=native code)
V  [jvm.dll+0x677a5a]
V  [jvm.dll+0x7d8b2d]
V  [jvm.dll+0x7da48e]
V  [jvm.dll+0x7daaf3]
V  [jvm.dll+0x2455ff]
V  [jvm.dll+0x7d483b]
V  [jvm.dll+0x61dc06]
V  [jvm.dll+0x1bfa87]
V  [jvm.dll+0x620570]
V  [jvm.dll+0x61e5c6]
V  [jvm.dll+0x23a0b1]
V  [jvm.dll+0x1e93a2]
V  [jvm.dll+0x1e98b5]
V  [jvm.dll+0x1ea1fb]
V  [jvm.dll+0x1dfa01]
V  [jvm.dll+0x53d58c]
V  [jvm.dll+0x753438]
V  [jvm.dll+0x753524]
V  [jvm.dll+0x40babf]
V  [jvm.dll+0x411a89]
C  [java.dll+0x17ec]

Java frames: (J=compiled Java code, j=interpreted, Vv=VM code)
J 1202  java.lang.ClassLoader.defineClass1(Ljava/lang/ClassLoader;Ljava/lang/String;[BIILjava/security/ProtectionDomain;Ljava/lang/String;)Ljava/lang/Class; java.base@17.0.10 (0 bytes) @ 0x0000020513108ae3 [0x0000020513108a20+0x00000000000000c3]
J 1402 c1 java.lang.ClassLoader.defineClass(Ljava/lang/String;[BIILjava/security/ProtectionDomain;)Ljava/lang/Class; java.base@17.0.10 (43 bytes) @ 0x00000205131621dc [0x00000205131620e0+0x00000000000000fc]
J 1238 c1 jdk.internal.loader.BuiltinClassLoader.defineClass(Ljava/lang/String;Ljdk/internal/loader/Resource;)Ljava/lang/Class; java.base@17.0.10 (121 bytes) @ 0x000002051311cde4 [0x000002051311c920+0x00000000000004c4]
J 1358 c1 jdk.internal.loader.BuiltinClassLoader.findClassOnClassPathOrNull(Ljava/lang/String;)Ljava/lang/Class; java.base@17.0.10 (64 bytes) @ 0x0000020513150db4 [0x0000020513150b00+0x00000000000002b4]
J 1015 c1 jdk.internal.loader.BuiltinClassLoader.loadClassOrNull(Ljava/lang/String;Z)Ljava/lang/Class; java.base@17.0.10 (143 bytes) @ 0x00000205130b94dc [0x00000205130b9080+0x000000000000045c]
J 1148 c1 jdk.internal.loader.ClassLoaders$AppClassLoader.loadClass(Ljava/lang/String;Z)Ljava/lang/Class; java.base@17.0.10 (40 bytes) @ 0x00000205130f4ea4 [0x00000205130f4d60+0x0000000000000144]
J 1129 c1 java.lang.ClassLoader.loadClass(Ljava/lang/String;)Ljava/lang/Class; java.base@17.0.10 (7 bytes) @ 0x00000205130edc64 [0x00000205130edc20+0x0000000000000044]
v  ~StubRoutines::call_stub
J 1202  java.lang.ClassLoader.defineClass1(Ljava/lang/ClassLoader;Ljava/lang/String;[BIILjava/security/ProtectionDomain;Ljava/lang/String;)Ljava/lang/Class; java.base@17.0.10 (0 bytes) @ 0x0000020513108ae3 [0x0000020513108a20+0x00000000000000c3]
J 1402 c1 java.lang.ClassLoader.defineClass(Ljava/lang/String;[BIILjava/security/ProtectionDomain;)Ljava/lang/Class; java.base@17.0.10 (43 bytes) @ 0x00000205131621dc [0x00000205131620e0+0x00000000000000fc]
J 1238 c1 jdk.internal.loader.BuiltinClassLoader.defineClass(Ljava/lang/String;Ljdk/internal/loader/Resource;)Ljava/lang/Class; java.base@17.0.10 (121 bytes) @ 0x000002051311cde4 [0x000002051311c920+0x00000000000004c4]
J 1358 c1 jdk.internal.loader.BuiltinClassLoader.findClassOnClassPathOrNull(Ljava/lang/String;)Ljava/lang/Class; java.base@17.0.10 (64 bytes) @ 0x0000020513150db4 [0x0000020513150b00+0x00000000000002b4]
J 1015 c1 jdk.internal.loader.BuiltinClassLoader.loadClassOrNull(Ljava/lang/String;Z)Ljava/lang/Class; java.base@17.0.10 (143 bytes) @ 0x00000205130b94dc [0x00000205130b9080+0x000000000000045c]
J 1148 c1 jdk.internal.loader.ClassLoaders$AppClassLoader.loadClass(Ljava/lang/String;Z)Ljava/lang/Class; java.base@17.0.10 (40 bytes) @ 0x00000205130f4ea4 [0x00000205130f4d60+0x0000000000000144]
J 1129 c1 java.lang.ClassLoader.loadClass(Ljava/lang/String;)Ljava/lang/Class; java.base@17.0.10 (7 bytes) @ 0x00000205130edc64 [0x00000205130edc20+0x0000000000000044]
v  ~StubRoutines::call_stub
j  com.mysql.cj.protocol.a.NativeProtocol.<clinit>()V+47
v  ~StubRoutines::call_stub
j  com.mysql.cj.NativeSession.connect(Lcom/mysql/cj/conf/HostInfo;Ljava/lang/String;Ljava/lang/String;Ljava/lang/String;ILcom/mysql/cj/TransactionEventHandler;)V+75
j  com.mysql.cj.jdbc.ConnectionImpl.connectOneTryOnly(Z)V+32
j  com.mysql.cj.jdbc.ConnectionImpl.createNewIO(Z)V+27
j  com.mysql.cj.jdbc.ConnectionImpl.<init>(Lcom/mysql/cj/conf/HostInfo;)V+753
j  com.mysql.cj.jdbc.ConnectionImpl.getInstance(Lcom/mysql/cj/conf/HostInfo;)Lcom/mysql/cj/jdbc/JdbcConnection;+5
j  com.mysql.cj.jdbc.NonRegisteringDriver.connect(Ljava/lang/String;Ljava/util/Properties;)Ljava/sql/Connection;+72
j  com.zaxxer.hikari.util.DriverDataSource.getConnection(Ljava/lang/String;Ljava/lang/String;)Ljava/sql/Connection;+61
j  com.zaxxer.hikari.pool.PoolBase.newConnection()Ljava/sql/Connection;+49
j  com.zaxxer.hikari.pool.PoolBase.newPoolEntry()Lcom/zaxxer/hikari/pool/PoolEntry;+5
j  com.zaxxer.hikari.pool.HikariPool.createPoolEntry()Lcom/zaxxer/hikari/pool/PoolEntry;+1
j  com.zaxxer.hikari.pool.HikariPool.checkFailFast()V+20
j  com.zaxxer.hikari.pool.HikariPool.<init>(Lcom/zaxxer/hikari/HikariConfig;)V+138
j  com.zaxxer.hikari.HikariDataSource.getConnection()Ljava/sql/Connection;+82
j  org.hibernate.engine.jdbc.connections.internal.DatasourceConnectionProviderImpl.getConnection()Ljava/sql/Connection;+48
j  org.hibernate.engine.jdbc.env.internal.JdbcEnvironmentInitiator$ConnectionProviderJdbcConnectionAccess.obtainConnection()Ljava/sql/Connection;+4
j  org.hibernate.resource.transaction.backend.jdbc.internal.JdbcIsolationDelegate.delegateWork(Lorg/hibernate/jdbc/WorkExecutorVisitable;Z)Ljava/lang/Object;+6
j  org.hibernate.engine.jdbc.env.internal.JdbcEnvironmentInitiator.getJdbcEnvironmentUsingJdbcMetadata(Ljava/util/Map;Lorg/hibernate/service/spi/ServiceRegistryImplementor;Lorg/hibernate/engine/jdbc/dialect/spi/DialectFactory;Ljava/lang/String;Ljava/lang/Integer;Ljava/lang/Integer;Ljava/lang/String;)Lorg/hibernate/engine/jdbc/env/internal/JdbcEnvironmentImpl;+101
j  org.hibernate.engine.jdbc.env.internal.JdbcEnvironmentInitiator.initiateService(Ljava/util/Map;Lorg/hibernate/service/spi/ServiceRegistryImplementor;)Lorg/hibernate/engine/jdbc/env/spi/JdbcEnvironment;+242
j  org.hibernate.engine.jdbc.env.internal.JdbcEnvironmentInitiator.initiateService(Ljava/util/Map;Lorg/hibernate/service/spi/ServiceRegistryImplementor;)Lorg/hibernate/service/Service;+3
j  org.hibernate.boot.registry.internal.StandardServiceRegistryImpl.initiateService(Lorg/hibernate/service/spi/ServiceInitiator;)Lorg/hibernate/service/Service;+9
j  org.hibernate.service.internal.AbstractServiceRegistryImpl.createService(Lorg/hibernate/service/spi/ServiceBinding;)Lorg/hibernate/service/Service;+26
j  org.hibernate.service.internal.AbstractServiceRegistryImpl.initializeService(Lorg/hibernate/service/spi/ServiceBinding;)Lorg/hibernate/service/Service;+30
j  org.hibernate.service.internal.AbstractServiceRegistryImpl.getService(Ljava/lang/Class;)Lorg/hibernate/service/Service;+112
j  org.hibernate.boot.model.relational.Database.<init>(Lorg/hibernate/boot/spi/MetadataBuildingOptions;)V+10
j  org.hibernate.boot.internal.InFlightMetadataCollectorImpl.getDatabase()Lorg/hibernate/boot/model/relational/Database;+16
j  org.hibernate.boot.internal.InFlightMetadataCollectorImpl.<init>(Lorg/hibernate/boot/spi/BootstrapContext;Lorg/hibernate/boot/spi/MetadataBuildingOptions;)V+390
j  org.hibernate.boot.model.process.spi.MetadataBuildingProcess.complete(Lorg/hibernate/boot/model/process/spi/ManagedResources;Lorg/hibernate/boot/spi/BootstrapContext;Lorg/hibernate/boot/spi/MetadataBuildingOptions;)Lorg/hibernate/boot/spi/MetadataImplementor;+6
j  org.hibernate.jpa.boot.internal.EntityManagerFactoryBuilderImpl.metadata()Lorg/hibernate/boot/spi/MetadataImplementor;+30
j  org.hibernate.jpa.boot.internal.EntityManagerFactoryBuilderImpl.build()Ljakarta/persistence/EntityManagerFactory;+3
j  org.springframework.orm.jpa.vendor.SpringHibernateJpaPersistenceProvider.createContainerEntityManagerFactory(Ljakarta/persistence/spi/PersistenceUnitInfo;Ljava/util/Map;)Ljakarta/persistence/EntityManagerFactory;+59
j  org.springframework.orm.jpa.LocalContainerEntityManagerFactoryBean.createNativeEntityManagerFactory()Ljakarta/persistence/EntityManagerFactory;+111
j  org.springframework.orm.jpa.AbstractEntityManagerFactoryBean.buildNativeEntityManagerFactory()Ljakarta/persistence/EntityManagerFactory;+1
j  org.springframework.orm.jpa.AbstractEntityManagerFactoryBean.afterPropertiesSet()V+192
j  org.springframework.orm.jpa.LocalContainerEntityManagerFactoryBean.afterPropertiesSet()V+84
j  org.springframework.beans.factory.support.AbstractAutowireCapableBeanFactory.invokeInitMethods(Ljava/lang/String;Ljava/lang/Object;Lorg/springframework/beans/factory/support/RootBeanDefinition;)V+56
j  org.springframework.beans.factory.support.AbstractAutowireCapableBeanFactory.initializeBean(Ljava/lang/String;Ljava/lang/Object;Lorg/springframework/beans/factory/support/RootBeanDefinition;)Ljava/lang/Object;+34
j  org.springframework.beans.factory.support.AbstractAutowireCapableBeanFactory.doCreateBean(Ljava/lang/String;Lorg/springframework/beans/factory/support/RootBeanDefinition;[Ljava/lang/Object;)Ljava/lang/Object;+228
j  org.springframework.beans.factory.support.AbstractAutowireCapableBeanFactory.createBean(Ljava/lang/String;Lorg/springframework/beans/factory/support/RootBeanDefinition;[Ljava/lang/Object;)Ljava/lang/Object;+153
j  org.springframework.beans.factory.support.AbstractBeanFactory.lambda$doGetBean$0(Ljava/lang/String;Lorg/springframework/beans/factory/support/RootBeanDefinition;[Ljava/lang/Object;)Ljava/lang/Object;+4
j  org.springframework.beans.factory.support.AbstractBeanFactory$$Lambda$363+0x000002051c213e28.getObject()Ljava/lang/Object;+16
j  org.springframework.beans.factory.support.DefaultSingletonBeanRegistry.getSingleton(Ljava/lang/String;Lorg/springframework/beans/factory/ObjectFactory;)Ljava/lang/Object;+114
J 2558 c1 org.springframework.beans.factory.support.AbstractBeanFactory.doGetBean(Ljava/lang/String;Ljava/lang/Class;[Ljava/lang/Object;Z)Ljava/lang/Object; (714 bytes) @ 0x000002051333b704 [0x000002051333b140+0x00000000000005c4]
j  org.springframework.beans.factory.support.AbstractBeanFactory.getBean(Ljava/lang/String;)Ljava/lang/Object;+5
j  org.springframework.context.support.AbstractApplicationContext.getBean(Ljava/lang/String;)Ljava/lang/Object;+9
j  org.springframework.context.support.AbstractApplicationContext.finishBeanFactoryInitialization(Lorg/springframework/beans/factory/config/ConfigurableListableBeanFactory;)V+106
j  org.springframework.context.support.AbstractApplicationContext.refresh()V+86
j  org.springframework.boot.web.servlet.context.ServletWebServerApplicationContext.refresh()V+1
j  org.springframework.boot.SpringApplication.refresh(Lorg/springframework/context/ConfigurableApplicationContext;)V+1
j  org.springframework.boot.SpringApplication.refreshContext(Lorg/springframework/context/ConfigurableApplicationContext;)V+16
j  org.springframework.boot.SpringApplication.run([Ljava/lang/String;)Lorg/springframework/context/ConfigurableApplicationContext;+114
j  org.springframework.boot.SpringApplication.run([Ljava/lang/Class;[Ljava/lang/String;)Lorg/springframework/context/ConfigurableApplicationContext;+9
j  org.springframework.boot.SpringApplication.run(Ljava/lang/Class;[Ljava/lang/String;)Lorg/springframework/context/ConfigurableApplicationContext;+9
j  com.becoder.ManagementApplication.main([Ljava/lang/String;)V+3
v  ~StubRoutines::call_stub
j  jdk.internal.reflect.NativeMethodAccessorImpl.invoke0(Ljava/lang/reflect/Method;Ljava/lang/Object;[Ljava/lang/Object;)Ljava/lang/Object;+0 java.base@17.0.10
j  jdk.internal.reflect.NativeMethodAccessorImpl.invoke(Ljava/lang/Object;[Ljava/lang/Object;)Ljava/lang/Object;+133 java.base@17.0.10
j  jdk.internal.reflect.DelegatingMethodAccessorImpl.invoke(Ljava/lang/Object;[Ljava/lang/Object;)Ljava/lang/Object;+6 java.base@17.0.10
j  java.lang.reflect.Method.invoke(Ljava/lang/Object;[Ljava/lang/Object;)Ljava/lang/Object;+59 java.base@17.0.10
j  org.springframework.boot.devtools.restart.RestartLauncher.run()V+47
v  ~StubRoutines::call_stub

---------------  P R O C E S S  ---------------

Threads class SMR info:
_java_thread_list=0x000002051a984e10, length=24, elements={
0x000002050b5199e0, 0x000002050b5c3eb0, 0x000002050b5c6c50, 0x000002050b5d1590,
0x000002050b5d4f80, 0x000002050b5d5a60, 0x000002051a155fe0, 0x000002051a15e4d0,
0x000002051a15f820, 0x000002051a338880, 0x000002051a382380, 0x000002051a82d6a0,
0x000002051a82db80, 0x000002051a82c270, 0x000002051a83a380, 0x000002051a8b19f0,
0x000002051a905a00, 0x000002051a929470, 0x000002051a92bcf0, 0x000002051a92b2d0,
0x000002051a929980, 0x000002051a92a8b0, 0x000002051a929e90, 0x000002051a928f60
}

Java Threads: ( => current thread )
  0x000002050b5199e0 JavaThread "main" [_thread_blocked, id=16228, stack(0x0000007a88c00000,0x0000007a88d00000)]
  0x000002050b5c3eb0 JavaThread "Reference Handler" daemon [_thread_blocked, id=2720, stack(0x0000007a89300000,0x0000007a89400000)]
  0x000002050b5c6c50 JavaThread "Finalizer" daemon [_thread_blocked, id=6860, stack(0x0000007a89400000,0x0000007a89500000)]
  0x000002050b5d1590 JavaThread "Signal Dispatcher" daemon [_thread_blocked, id=9692, stack(0x0000007a89500000,0x0000007a89600000)]
  0x000002050b5d4f80 JavaThread "Attach Listener" daemon [_thread_blocked, id=14192, stack(0x0000007a89600000,0x0000007a89700000)]
  0x000002050b5d5a60 JavaThread "Service Thread" daemon [_thread_blocked, id=10800, stack(0x0000007a89700000,0x0000007a89800000)]
  0x000002051a155fe0 JavaThread "Monitor Deflation Thread" daemon [_thread_blocked, id=17620, stack(0x0000007a89800000,0x0000007a89900000)]
  0x000002051a15e4d0 JavaThread "C1 CompilerThread0" daemon [_thread_blocked, id=18144, stack(0x0000007a89900000,0x0000007a89a00000)]
  0x000002051a15f820 JavaThread "Sweeper thread" daemon [_thread_blocked, id=17540, stack(0x0000007a89a00000,0x0000007a89b00000)]
  0x000002051a338880 JavaThread "Common-Cleaner" daemon [_thread_blocked, id=15780, stack(0x0000007a89b00000,0x0000007a89c00000)]
  0x000002051a382380 JavaThread "Notification Thread" daemon [_thread_blocked, id=14348, stack(0x0000007a89d00000,0x0000007a89e00000)]
  0x000002051a82d6a0 JavaThread "RMI TCP Accept-0" daemon [_thread_in_native, id=8556, stack(0x0000007a89e00000,0x0000007a89f00000)]
  0x000002051a82db80 JavaThread "RMI TCP Accept-58073" daemon [_thread_in_native, id=17532, stack(0x0000007a89f00000,0x0000007a8a000000)]
  0x000002051a82c270 JavaThread "RMI TCP Accept-0" daemon [_thread_in_native, id=17588, stack(0x0000007a8a000000,0x0000007a8a100000)]
  0x000002051a83a380 JavaThread "RMI TCP Connection(1)-127.0.0.1" daemon [_thread_in_native, id=17756, stack(0x0000007a8a200000,0x0000007a8a300000)]
  0x000002051a8b19f0 JavaThread "RMI Scheduler(0)" daemon [_thread_blocked, id=14184, stack(0x0000007a8a300000,0x0000007a8a400000)]
  0x000002051a905a00 JavaThread "RMI TCP Connection(2)-127.0.0.1" daemon [_thread_in_native, id=14528, stack(0x0000007a8a400000,0x0000007a8a500000)]
  0x000002051a929470 JavaThread "JMX server connection timeout 21" daemon [_thread_blocked, id=16840, stack(0x0000007a8aa00000,0x0000007a8ab00000)]
  0x000002051a92bcf0 JavaThread "Thread-0" [_thread_blocked, id=16920, stack(0x0000007a8ab00000,0x0000007a8ac00000)]
=>0x000002051a92b2d0 JavaThread "restartedMain" [_thread_in_vm, id=17976, stack(0x0000007a8ac00000,0x0000007a8ad00000)]
  0x000002051a929980 JavaThread "Catalina-utility-1" [_thread_blocked, id=9828, stack(0x0000007a8ad00000,0x0000007a8ae00000)]
  0x000002051a92a8b0 JavaThread "Catalina-utility-2" [_thread_blocked, id=17368, stack(0x0000007a8ae00000,0x0000007a8af00000)]
  0x000002051a929e90 JavaThread "container-0" [_thread_blocked, id=18064, stack(0x0000007a8af00000,0x0000007a8b000000)]
  0x000002051a928f60 JavaThread "mysql-cj-abandoned-connection-cleanup" daemon [_thread_blocked, id=2368, stack(0x0000007a8b000000,0x0000007a8b100000)]

Other Threads:
  0x000002050b5bc060 VMThread "VM Thread" [stack: 0x0000007a89200000,0x0000007a89300000] [id=18016] _threads_hazard_ptr=0x000002051a984e10
  0x000002050b56b0a0 WatcherThread [stack: 0x0000007a8a100000,0x0000007a8a200000] [id=5252]
  0x000002050b553cd0 GCTaskThread "GC Thread#0" [stack: 0x0000007a88d00000,0x0000007a88e00000] [id=17640]
  0x000002051a90cf30 GCTaskThread "GC Thread#1" [stack: 0x0000007a8a500000,0x0000007a8a600000] [id=18056]
  0x000002051a920570 GCTaskThread "GC Thread#2" [stack: 0x0000007a8a600000,0x0000007a8a700000] [id=16620]
  0x000002051a920c40 GCTaskThread "GC Thread#3" [stack: 0x0000007a8a700000,0x0000007a8a800000] [id=16804]
  0x000002050b55d1e0 ConcurrentGCThread "G1 Main Marker" [stack: 0x0000007a88e00000,0x0000007a88f00000] [id=14808]
  0x000002050b55db00 ConcurrentGCThread "G1 Conc#0" [stack: 0x0000007a88f00000,0x0000007a89000000] [id=6200]
  0x000002050b59db40 ConcurrentGCThread "G1 Refine#0" [stack: 0x0000007a89000000,0x0000007a89100000] [id=18108]
  0x000002051a4bbbc0 ConcurrentGCThread "G1 Refine#1" [stack: 0x0000007a8a800000,0x0000007a8a900000] [id=7324]
  0x000002051a4bbeb0 ConcurrentGCThread "G1 Refine#2" [stack: 0x0000007a8a900000,0x0000007a8aa00000] [id=3900]
  0x000002050b59e480 ConcurrentGCThread "G1 Service" [stack: 0x0000007a89100000,0x0000007a89200000] [id=2132]

Threads with active compile tasks:

VM state: synchronizing (normal execution)

VM Mutex/Monitor currently owned by a thread:  ([mutex/lock_event])
[0x000002050b514a30] Metaspace_lock - owner thread: 0x000002051a92b2d0
[0x000002050b5166a0] Threads_lock - owner thread: 0x000002050b5bc060

Heap address: 0x00000000c8800000, size: 888 MB, Compressed Oops mode: 32-bit

CDS archive(s) mapped at: [0x000002051b000000-0x000002051bbd0000-0x000002051bbd0000), size 12386304, SharedBaseAddress: 0x000002051b000000, ArchiveRelocationMode: 1.
Compressed class space mapped at: 0x000002051c000000-0x000002055c000000, reserved size: 1073741824
Narrow klass base: 0x000002051b000000, Narrow klass shift: 0, Narrow klass range: 0x100000000

GC Precious Log:
 CPUs: 4 total, 4 available
 Memory: 3551M
 Large Page Support: Disabled
 NUMA Support: Disabled
 Compressed Oops: Enabled (32-bit)
 Heap Region Size: 1M
 Heap Min Capacity: 8M
 Heap Initial Capacity: 56M
 Heap Max Capacity: 888M
 Pre-touch: Disabled
 Parallel Workers: 4
 Concurrent Workers: 1
 Concurrent Refinement Workers: 4
 Periodic GC: Disabled

Heap:
 garbage-first heap   total 48128K, used 26261K [0x00000000c8800000, 0x0000000100000000)
  region size 1024K, 11 young (11264K), 1 survivors (1024K)
 Metaspace       used 35216K, committed 35648K, reserved 1114112K
  class space    used 4897K, committed 5120K, reserved 1048576K

Heap Regions: E=young(eden), S=young(survivor), O=old, HS=humongous(starts), HC=humongous(continues), CS=collection set, F=free, OA=open archive, CA=closed archive, TAMS=top-at-mark-start (previous, next)
|   0|0x00000000c8800000, 0x00000000c8900000, 0x00000000c8900000|100%|HS|  |TAMS 0x00000000c8900000, 0x00000000c8800000| Complete 
|   1|0x00000000c8900000, 0x00000000c8a00000, 0x00000000c8a00000|100%| O|  |TAMS 0x00000000c8a00000, 0x00000000c8900000| Untracked 
|   2|0x00000000c8a00000, 0x00000000c8b00000, 0x00000000c8b00000|100%| O|  |TAMS 0x00000000c8b00000, 0x00000000c8a00000| Untracked 
|   3|0x00000000c8b00000, 0x00000000c8c00000, 0x00000000c8c00000|100%| O|  |TAMS 0x00000000c8c00000, 0x00000000c8b00000| Untracked 
|   4|0x00000000c8c00000, 0x00000000c8d00000, 0x00000000c8d00000|100%| O|  |TAMS 0x00000000c8d00000, 0x00000000c8c00000| Untracked 
|   5|0x00000000c8d00000, 0x00000000c8e00000, 0x00000000c8e00000|100%| O|  |TAMS 0x00000000c8e00000, 0x00000000c8d00000| Untracked 
|   6|0x00000000c8e00000, 0x00000000c8f00000, 0x00000000c8f00000|100%| O|  |TAMS 0x00000000c8e00000, 0x00000000c8e00000| Untracked 
|   7|0x00000000c8f00000, 0x00000000c9000000, 0x00000000c9000000|100%| O|  |TAMS 0x00000000c9000000, 0x00000000c8f00000| Untracked 
|   8|0x00000000c9000000, 0x00000000c9100000, 0x00000000c9100000|100%| O|  |TAMS 0x00000000c9085208, 0x00000000c9000000| Untracked 
|   9|0x00000000c9100000, 0x00000000c9200000, 0x00000000c9200000|100%| O|  |TAMS 0x00000000c9100000, 0x00000000c9100000| Untracked 
|  10|0x00000000c9200000, 0x00000000c9300000, 0x00000000c9300000|100%| O|  |TAMS 0x00000000c9200000, 0x00000000c9200000| Untracked 
|  11|0x00000000c9300000, 0x00000000c9400000, 0x00000000c9400000|100%| O|  |TAMS 0x00000000c9300000, 0x00000000c9300000| Untracked 
|  12|0x00000000c9400000, 0x00000000c9500000, 0x00000000c9500000|100%| O|  |TAMS 0x00000000c9400000, 0x00000000c9400000| Untracked 
|  13|0x00000000c9500000, 0x00000000c9600000, 0x00000000c9600000|100%| O|  |TAMS 0x00000000c9500000, 0x00000000c9500000| Untracked 
|  14|0x00000000c9600000, 0x00000000c9700000, 0x00000000c9700000|100%| O|  |TAMS 0x00000000c9600000, 0x00000000c9600000| Untracked 
|  15|0x00000000c9700000, 0x00000000c97bf800, 0x00000000c9800000| 74%| O|  |TAMS 0x00000000c9700000, 0x00000000c9700000| Untracked 
|  16|0x00000000c9800000, 0x00000000c9800000, 0x00000000c9900000|  0%| F|  |TAMS 0x00000000c9800000, 0x00000000c9800000| Untracked 
|  17|0x00000000c9900000, 0x00000000c9900000, 0x00000000c9a00000|  0%| F|  |TAMS 0x00000000c9900000, 0x00000000c9900000| Untracked 
|  18|0x00000000c9a00000, 0x00000000c9a00000, 0x00000000c9b00000|  0%| F|  |TAMS 0x00000000c9a00000, 0x00000000c9a00000| Untracked 
|  19|0x00000000c9b00000, 0x00000000c9c00000, 0x00000000c9c00000|100%| O|  |TAMS 0x00000000c9b00000, 0x00000000c9b00000| Untracked 
|  20|0x00000000c9c00000, 0x00000000c9c00000, 0x00000000c9d00000|  0%| F|  |TAMS 0x00000000c9c00000, 0x00000000c9c00000| Untracked 
|  21|0x00000000c9d00000, 0x00000000c9d00000, 0x00000000c9e00000|  0%| F|  |TAMS 0x00000000c9d00000, 0x00000000c9d00000| Untracked 
|  22|0x00000000c9e00000, 0x00000000c9e00000, 0x00000000c9f00000|  0%| F|  |TAMS 0x00000000c9e00000, 0x00000000c9e00000| Untracked 
|  23|0x00000000c9f00000, 0x00000000c9f00000, 0x00000000ca000000|  0%| F|  |TAMS 0x00000000c9f00000, 0x00000000c9f00000| Untracked 
|  24|0x00000000ca000000, 0x00000000ca000000, 0x00000000ca100000|  0%| F|  |TAMS 0x00000000ca000000, 0x00000000ca000000| Untracked 
|  25|0x00000000ca100000, 0x00000000ca100000, 0x00000000ca200000|  0%| F|  |TAMS 0x00000000ca100000, 0x00000000ca100000| Untracked 
|  26|0x00000000ca200000, 0x00000000ca200000, 0x00000000ca300000|  0%| F|  |TAMS 0x00000000ca200000, 0x00000000ca200000| Untracked 
|  27|0x00000000ca300000, 0x00000000ca300000, 0x00000000ca400000|  0%| F|  |TAMS 0x00000000ca300000, 0x00000000ca300000| Untracked 
|  28|0x00000000ca400000, 0x00000000ca4e5e60, 0x00000000ca500000| 89%| S|CS|TAMS 0x00000000ca400000, 0x00000000ca400000| Complete 
|  29|0x00000000ca500000, 0x00000000ca500000, 0x00000000ca600000|  0%| F|  |TAMS 0x00000000ca500000, 0x00000000ca500000| Untracked 
|  30|0x00000000ca600000, 0x00000000ca600000, 0x00000000ca700000|  0%| F|  |TAMS 0x00000000ca600000, 0x00000000ca600000| Untracked 
|  31|0x00000000ca700000, 0x00000000ca700000, 0x00000000ca800000|  0%| F|  |TAMS 0x00000000ca700000, 0x00000000ca700000| Untracked 
|  32|0x00000000ca800000, 0x00000000ca800000, 0x00000000ca900000|  0%| F|  |TAMS 0x00000000ca800000, 0x00000000ca800000| Untracked 
|  33|0x00000000ca900000, 0x00000000ca900000, 0x00000000caa00000|  0%| F|  |TAMS 0x00000000ca900000, 0x00000000ca900000| Untracked 
|  34|0x00000000caa00000, 0x00000000caa00000, 0x00000000cab00000|  0%| F|  |TAMS 0x00000000caa00000, 0x00000000caa00000| Untracked 
|  35|0x00000000cab00000, 0x00000000cab00000, 0x00000000cac00000|  0%| F|  |TAMS 0x00000000cab00000, 0x00000000cab00000| Untracked 
|  36|0x00000000cac00000, 0x00000000cac00000, 0x00000000cad00000|  0%| F|  |TAMS 0x00000000cac00000, 0x00000000cac00000| Untracked 
|  37|0x00000000cad00000, 0x00000000cadcd468, 0x00000000cae00000| 80%| E|  |TAMS 0x00000000cad00000, 0x00000000cad00000| Complete 
|  38|0x00000000cae00000, 0x00000000caf00000, 0x00000000caf00000|100%| E|CS|TAMS 0x00000000cae00000, 0x00000000cae00000| Complete 
|  39|0x00000000caf00000, 0x00000000cb000000, 0x00000000cb000000|100%| E|CS|TAMS 0x00000000caf00000, 0x00000000caf00000| Complete 
|  40|0x00000000cb000000, 0x00000000cb100000, 0x00000000cb100000|100%| E|CS|TAMS 0x00000000cb000000, 0x00000000cb000000| Complete 
|  41|0x00000000cb100000, 0x00000000cb200000, 0x00000000cb200000|100%| E|  |TAMS 0x00000000cb100000, 0x00000000cb100000| Complete 
|  42|0x00000000cb200000, 0x00000000cb300000, 0x00000000cb300000|100%| E|CS|TAMS 0x00000000cb200000, 0x00000000cb200000| Complete 
|  43|0x00000000cb300000, 0x00000000cb400000, 0x00000000cb400000|100%| E|CS|TAMS 0x00000000cb300000, 0x00000000cb300000| Complete 
|  44|0x00000000cb400000, 0x00000000cb500000, 0x00000000cb500000|100%| E|CS|TAMS 0x00000000cb400000, 0x00000000cb400000| Complete 
|  45|0x00000000cb500000, 0x00000000cb600000, 0x00000000cb600000|100%| E|CS|TAMS 0x00000000cb500000, 0x00000000cb500000| Complete 
|  55|0x00000000cbf00000, 0x00000000cc000000, 0x00000000cc000000|100%| E|CS|TAMS 0x00000000cbf00000, 0x00000000cbf00000| Complete 

Card table byte_map: [0x0000020515dc0000,0x0000020515f80000] _byte_map_base: 0x000002051577c000

Marking Bits (Prev, Next): (CMBitMap*) 0x000002050b555250, (CMBitMap*) 0x000002050b555210
 Prev Bits: [0x0000020516f20000, 0x0000020517d00000)
 Next Bits: [0x0000020516140000, 0x0000020516f20000)

Polling page: 0x00000205093a0000

Metaspace:

Usage:
  Non-class:     29.61 MB used.
      Class:      4.78 MB used.
       Both:     34.39 MB used.

Virtual space:
  Non-class space:       64.00 MB reserved,      29.81 MB ( 47%) committed,  1 nodes.
      Class space:        1.00 GB reserved,       5.00 MB ( <1%) committed,  1 nodes.
             Both:        1.06 GB reserved,      34.81 MB (  3%) committed. 

Chunk freelists:
   Non-Class:  1.42 MB
       Class:  10.88 MB
        Both:  12.30 MB

MaxMetaspaceSize: unlimited
CompressedClassSpaceSize: 1.00 GB
Initial GC threshold: 21.00 MB
Current GC threshold: 35.25 MB
CDS: on
MetaspaceReclaimPolicy: balanced
 - commit_granule_bytes: 65536.
 - commit_granule_words: 8192.
 - virtual_space_node_default_size: 8388608.
 - enlarge_chunks_in_place: 1.
 - new_chunks_are_fully_committed: 0.
 - uncommit_free_chunks: 1.
 - use_allocation_guard: 0.
 - handle_deallocations: 1.


Internal statistics:

num_allocs_failed_limit: 3.
num_arena_births: 626.
num_arena_deaths: 0.
num_vsnodes_births: 2.
num_vsnodes_deaths: 0.
num_space_committed: 557.
num_space_uncommitted: 0.
num_chunks_returned_to_freelist: 3.
num_chunks_taken_from_freelist: 1892.
num_chunk_merges: 3.
num_chunk_splits: 1323.
num_chunks_enlarged: 978.
num_inconsistent_stats: 0.

CodeCache: size=49152Kb used=6951Kb max_used=7426Kb free=42200Kb
 bounds [0x0000020512dc0000, 0x0000020513510000, 0x0000020515dc0000]
 total_blobs=4257 nmethods=3717 adapters=468
 compilation: enabled
              stopped_count=0, restarted_count=0
 full_count=0

Compilation events (20 events):
Event: 31.425 Thread 0x000002051a15e4d0 3707       1       java.lang.StringBuffer::<init> (7 bytes)
Event: 31.425 Thread 0x000002051a15e4d0 nmethod 3707 0x0000020512f5a510 code [0x0000020512f5a6a0, 0x0000020512f5a788]
Event: 31.425 Thread 0x000002051a15e4d0 3708       1       java.util.ResourceBundle::getString (9 bytes)
Event: 31.426 Thread 0x000002051a15e4d0 nmethod 3708 0x0000020512f5a190 code [0x0000020512f5a320, 0x0000020512f5a448]
Event: 31.426 Thread 0x000002051a15e4d0 3709  s    1       java.lang.StringBuffer::append (15 bytes)
Event: 31.426 Thread 0x000002051a15e4d0 nmethod 3709 0x0000020512f59d90 code [0x0000020512f59f20, 0x0000020512f5a0e8]
Event: 31.432 Thread 0x000002051a15e4d0 3711       1       com.mysql.cj.conf.AbstractPropertyDefinition::getDefaultValue (5 bytes)
Event: 31.432 Thread 0x000002051a15e4d0 nmethod 3711 0x0000020512f59a90 code [0x0000020512f59c20, 0x0000020512f59cf8]
Event: 31.433 Thread 0x000002051a15e4d0 3712       1       com.mysql.cj.conf.AbstractRuntimeProperty::getPropertyDefinition (5 bytes)
Event: 31.433 Thread 0x000002051a15e4d0 nmethod 3712 0x0000020512f59790 code [0x0000020512f59920, 0x0000020512f599f8]
Event: 31.434 Thread 0x000002051a15e4d0 3713       1       com.mysql.cj.conf.AbstractPropertyDefinition::getName (5 bytes)
Event: 31.434 Thread 0x000002051a15e4d0 nmethod 3713 0x0000020512f59490 code [0x0000020512f59620, 0x0000020512f596f8]
Event: 31.434 Thread 0x000002051a15e4d0 3714       1       com.mysql.cj.conf.AbstractPropertyDefinition::getCcAlias (5 bytes)
Event: 31.434 Thread 0x000002051a15e4d0 nmethod 3714 0x0000020512f59190 code [0x0000020512f59320, 0x0000020512f593f8]
Event: 31.452 Thread 0x000002051a15e4d0 3715       1       java.nio.MappedByteBuffer::limit (6 bytes)
Event: 31.452 Thread 0x000002051a15e4d0 nmethod 3715 0x0000020512f58e90 code [0x0000020512f59020, 0x0000020512f59108]
Event: 31.453 Thread 0x000002051a15e4d0 3716       1       java.io.ObjectOutputStream::writeShort (9 bytes)
Event: 31.454 Thread 0x000002051a15e4d0 nmethod 3716 0x0000020512f58b90 code [0x0000020512f58d20, 0x0000020512f58e08]
Event: 31.521 Thread 0x000002051a15e4d0 3717   !   1       com.mysql.cj.conf.DefaultPropertySet::getProperty (52 bytes)
Event: 31.522 Thread 0x000002051a15e4d0 nmethod 3717 0x0000020512f57f10 code [0x0000020512f580e0, 0x0000020512f58368]

GC Heap History (20 events):
Event: 17.796 GC heap before
{Heap before GC invocations=0 (full 0):
 garbage-first heap   total 57344K, used 14336K [0x00000000c8800000, 0x0000000100000000)
  region size 1024K, 13 young (13312K), 0 survivors (0K)
 Metaspace       used 5189K, committed 5376K, reserved 1114112K
  class space    used 636K, committed 704K, reserved 1048576K
}
Event: 17.813 GC heap after
{Heap after GC invocations=1 (full 0):
 garbage-first heap   total 57344K, used 6357K [0x00000000c8800000, 0x0000000100000000)
  region size 1024K, 2 young (2048K), 2 survivors (2048K)
 Metaspace       used 5189K, committed 5376K, reserved 1114112K
  class space    used 636K, committed 704K, reserved 1048576K
}
Event: 18.574 GC heap before
{Heap before GC invocations=1 (full 0):
 garbage-first heap   total 57344K, used 14549K [0x00000000c8800000, 0x0000000100000000)
  region size 1024K, 10 young (10240K), 2 survivors (2048K)
 Metaspace       used 7356K, committed 7616K, reserved 1114112K
  class space    used 957K, committed 1088K, reserved 1048576K
}
Event: 18.583 GC heap after
{Heap after GC invocations=2 (full 0):
 garbage-first heap   total 57344K, used 7599K [0x00000000c8800000, 0x0000000100000000)
  region size 1024K, 2 young (2048K), 2 survivors (2048K)
 Metaspace       used 7356K, committed 7616K, reserved 1114112K
  class space    used 957K, committed 1088K, reserved 1048576K
}
Event: 20.651 GC heap before
{Heap before GC invocations=2 (full 0):
 garbage-first heap   total 57344K, used 23983K [0x00000000c8800000, 0x0000000100000000)
  region size 1024K, 19 young (19456K), 2 survivors (2048K)
 Metaspace       used 10490K, committed 10816K, reserved 1114112K
  class space    used 1425K, committed 1600K, reserved 1048576K
}
Event: 20.659 GC heap after
{Heap after GC invocations=3 (full 0):
 garbage-first heap   total 57344K, used 8780K [0x00000000c8800000, 0x0000000100000000)
  region size 1024K, 3 young (3072K), 3 survivors (3072K)
 Metaspace       used 10490K, committed 10816K, reserved 1114112K
  class space    used 1425K, committed 1600K, reserved 1048576K
}
Event: 21.782 GC heap before
{Heap before GC invocations=3 (full 0):
 garbage-first heap   total 57344K, used 35404K [0x00000000c8800000, 0x0000000100000000)
  region size 1024K, 30 young (30720K), 3 survivors (3072K)
 Metaspace       used 16956K, committed 17216K, reserved 1114112K
  class space    used 2257K, committed 2368K, reserved 1048576K
}
Event: 21.793 GC heap after
{Heap after GC invocations=4 (full 0):
 garbage-first heap   total 57344K, used 10321K [0x00000000c8800000, 0x0000000100000000)
  region size 1024K, 3 young (3072K), 3 survivors (3072K)
 Metaspace       used 16956K, committed 17216K, reserved 1114112K
  class space    used 2257K, committed 2368K, reserved 1048576K
}
Event: 24.164 GC heap before
{Heap before GC invocations=4 (full 0):
 garbage-first heap   total 57344K, used 37969K [0x00000000c8800000, 0x0000000100000000)
  region size 1024K, 31 young (31744K), 3 survivors (3072K)
 Metaspace       used 19853K, committed 20160K, reserved 1114112K
  class space    used 2677K, committed 2816K, reserved 1048576K
}
Event: 24.183 GC heap after
{Heap after GC invocations=5 (full 0):
 garbage-first heap   total 57344K, used 12283K [0x00000000c8800000, 0x0000000100000000)
  region size 1024K, 4 young (4096K), 4 survivors (4096K)
 Metaspace       used 19853K, committed 20160K, reserved 1114112K
  class space    used 2677K, committed 2816K, reserved 1048576K
}
Event: 25.340 GC heap before
{Heap before GC invocations=5 (full 0):
 garbage-first heap   total 57344K, used 22523K [0x00000000c8800000, 0x0000000100000000)
  region size 1024K, 15 young (15360K), 4 survivors (4096K)
 Metaspace       used 21224K, committed 21504K, reserved 1114112K
  class space    used 2891K, committed 3008K, reserved 1048576K
}
Event: 25.351 GC heap after
{Heap after GC invocations=6 (full 0):
 garbage-first heap   total 57344K, used 13017K [0x00000000c8800000, 0x0000000100000000)
  region size 1024K, 3 young (3072K), 3 survivors (3072K)
 Metaspace       used 21224K, committed 21504K, reserved 1114112K
  class space    used 2891K, committed 3008K, reserved 1048576K
}
Event: 27.333 GC heap before
{Heap before GC invocations=7 (full 0):
 garbage-first heap   total 48128K, used 38617K [0x00000000c8800000, 0x0000000100000000)
  region size 1024K, 28 young (28672K), 3 survivors (3072K)
 Metaspace       used 25445K, committed 25920K, reserved 1114112K
  class space    used 3547K, committed 3776K, reserved 1048576K
}
Event: 27.346 GC heap after
{Heap after GC invocations=8 (full 0):
 garbage-first heap   total 48128K, used 15780K [0x00000000c8800000, 0x0000000100000000)
  region size 1024K, 4 young (4096K), 4 survivors (4096K)
 Metaspace       used 25445K, committed 25920K, reserved 1114112K
  class space    used 3547K, committed 3776K, reserved 1048576K
}
Event: 27.424 GC heap before
{Heap before GC invocations=8 (full 0):
 garbage-first heap   total 48128K, used 16804K [0x00000000c8800000, 0x0000000100000000)
  region size 1024K, 5 young (5120K), 4 survivors (4096K)
 Metaspace       used 25732K, committed 26176K, reserved 1114112K
  class space    used 3577K, committed 3776K, reserved 1048576K
}
Event: 27.436 GC heap after
{Heap after GC invocations=9 (full 0):
 garbage-first heap   total 48128K, used 15991K [0x00000000c8800000, 0x0000000100000000)
  region size 1024K, 1 young (1024K), 1 survivors (1024K)
 Metaspace       used 25732K, committed 26176K, reserved 1114112K
  class space    used 3577K, committed 3776K, reserved 1048576K
}
Event: 28.712 GC heap before
{Heap before GC invocations=9 (full 0):
 garbage-first heap   total 48128K, used 35447K [0x00000000c8800000, 0x0000000100000000)
  region size 1024K, 20 young (20480K), 1 survivors (1024K)
 Metaspace       used 28480K, committed 28928K, reserved 1114112K
  class space    used 3930K, committed 4160K, reserved 1048576K
}
Event: 28.719 GC heap after
{Heap after GC invocations=10 (full 0):
 garbage-first heap   total 48128K, used 17171K [0x00000000c8800000, 0x0000000100000000)
  region size 1024K, 2 young (2048K), 2 survivors (2048K)
 Metaspace       used 28480K, committed 28928K, reserved 1114112K
  class space    used 3930K, committed 4160K, reserved 1048576K
}
Event: 30.687 GC heap before
{Heap before GC invocations=10 (full 0):
 garbage-first heap   total 48128K, used 34579K [0x00000000c8800000, 0x0000000100000000)
  region size 1024K, 20 young (20480K), 2 survivors (2048K)
 Metaspace       used 32620K, committed 33152K, reserved 1114112K
  class space    used 4587K, committed 4864K, reserved 1048576K
}
Event: 30.693 GC heap after
{Heap after GC invocations=11 (full 0):
 garbage-first heap   total 48128K, used 18069K [0x00000000c8800000, 0x0000000100000000)
  region size 1024K, 1 young (1024K), 1 survivors (1024K)
 Metaspace       used 32620K, committed 33152K, reserved 1114112K
  class space    used 4587K, committed 4864K, reserved 1048576K
}

Deoptimization events (0 events):
No events

Classes unloaded (0 events):
No events

Classes redefined (0 events):
No events

Internal exceptions (20 events):
Event: 26.391 Thread 0x000002051a92b2d0 Exception <a 'java/lang/NoSuchMethodError'{0x00000000ca859fb0}: 'java.lang.Object java.lang.invoke.DirectMethodHandle$Holder.invokeSpecialIFC(java.lang.Object, java.lang.Object, java.lang.Object)'> (0x00000000ca859fb0) 
thrown [s\open\src\hotspot\share\interpreter\linkResolver.cpp, line 759]
Event: 26.742 Thread 0x000002051a92b2d0 Exception <a 'java/lang/NoSuchMethodError'{0x00000000ca39bc38}: 'void java.lang.invoke.DirectMethodHandle$Holder.invokeInterface(java.lang.Object, java.lang.Object, int)'> (0x00000000ca39bc38) 
thrown [s\open\src\hotspot\share\interpreter\linkResolver.cpp, line 759]
Event: 26.751 Thread 0x000002051a92b2d0 Exception <a 'java/lang/IncompatibleClassChangeError'{0x00000000ca3eb750}: Found class java.lang.Object, but interface was expected> (0x00000000ca3eb750) 
thrown [s\open\src\hotspot\share\interpreter\linkResolver.cpp, line 826]
Event: 26.754 Thread 0x000002051a92b2d0 Exception <a 'java/lang/NoSuchMethodError'{0x00000000ca2045f0}: 'void java.lang.invoke.DirectMethodHandle$Holder.invokeStatic(java.lang.Object, int, java.lang.Object)'> (0x00000000ca2045f0) 
thrown [s\open\src\hotspot\share\interpreter\linkResolver.cpp, line 759]
Event: 26.779 Thread 0x000002051a92b2d0 Exception <a 'java/lang/NoSuchMethodError'{0x00000000ca240e90}: 'void java.lang.invoke.DirectMethodHandle$Holder.invokeVirtual(java.lang.Object, java.lang.Object, int)'> (0x00000000ca240e90) 
thrown [s\open\src\hotspot\share\interpreter\linkResolver.cpp, line 759]
Event: 26.780 Thread 0x000002051a92b2d0 Exception <a 'java/lang/NoSuchMethodError'{0x00000000ca247048}: 'void java.lang.invoke.DirectMethodHandle$Holder.invokeStatic(java.lang.Object, java.lang.Object, java.lang.Object, int, java.lang.Object)'> (0x00000000ca247048) 
thrown [s\open\src\hotspot\share\interpreter\linkResolver.cpp, line 759]
Event: 26.781 Thread 0x000002051a92b2d0 Exception <a 'java/lang/NoSuchMethodError'{0x00000000ca24e4c8}: 'java.lang.Object java.lang.invoke.DirectMethodHandle$Holder.newInvokeSpecial(java.lang.Object, java.lang.Object, java.lang.Object, int)'> (0x00000000ca24e4c8) 
thrown [s\open\src\hotspot\share\interpreter\linkResolver.cpp, line 759]
Event: 26.782 Thread 0x000002051a92b2d0 Exception <a 'java/lang/NoSuchMethodError'{0x00000000ca2527b0}: 'java.lang.Object java.lang.invoke.DirectMethodHandle$Holder.invokeSpecial(java.lang.Object, java.lang.Object, java.lang.Object, java.lang.Object, int)'> (0x00000000ca2527b0) 
thrown [s\open\src\hotspot\share\interpreter\linkResolver.cpp, line 759]
Event: 26.782 Thread 0x000002051a92b2d0 Exception <a 'java/lang/NoSuchMethodError'{0x00000000ca256378}: 'java.lang.Object java.lang.invoke.Invokers$Holder.linkToTargetMethod(java.lang.Object, java.lang.Object, int, java.lang.Object)'> (0x00000000ca256378) 
thrown [s\open\src\hotspot\share\interpreter\linkResolver.cpp, line 759]
Event: 27.575 Thread 0x000002051a92b2d0 Exception <a 'sun/nio/fs/WindowsException'{0x00000000cb298990}> (0x00000000cb298990) 
thrown [s\open\src\hotspot\share\prims\jni.cpp, line 516]
Event: 27.577 Thread 0x000002051a92b2d0 Exception <a 'sun/nio/fs/WindowsException'{0x00000000cb29e2f0}> (0x00000000cb29e2f0) 
thrown [s\open\src\hotspot\share\prims\jni.cpp, line 516]
Event: 27.578 Thread 0x000002051a92b2d0 Exception <a 'sun/nio/fs/WindowsException'{0x00000000cb29e998}> (0x00000000cb29e998) 
thrown [s\open\src\hotspot\share\prims\jni.cpp, line 516]
Event: 27.656 Thread 0x000002051a92b2d0 Exception <a 'java/lang/NoSuchMethodError'{0x00000000cb1a97c0}: 'java.lang.Object java.lang.invoke.DirectMethodHandle$Holder.invokeSpecial(java.lang.Object, java.lang.Object, long, java.lang.Object, java.lang.Object, java.lang.Object, java.lang.Object, java.lang.Object, java.lang.Object)'> (0x00000000cb1a97c0) 
thrown [s\open\src\hotspot\share\interpreter\linkResolver.cpp, line 759]
Event: 27.657 Thread 0x000002051a92b2d0 Exception <a 'java/lang/NoSuchMethodError'{0x00000000cb1ae2e8}: 'java.lang.Object java.lang.invoke.DelegatingMethodHandle$Holder.reinvoke_L(java.lang.Object, long, java.lang.Object, java.lang.Object, java.lang.Object, java.lang.Object, java.lang.Object, java.lang.Object)'> (0x00000000cb1ae2e8) 
thrown [s\open\src\hotspot\share\interpreter\linkResolver.cpp, line 759]
Event: 27.873 Thread 0x000002051a92b2d0 Exception <a 'java/io/FileNotFoundException'{0x00000000cafea540}> (0x00000000cafea540) 
thrown [s\open\src\hotspot\share\prims\jni.cpp, line 516]
Event: 27.955 Thread 0x000002051a92b2d0 Exception <a 'java/lang/NoSuchMethodError'{0x00000000cad45ce8}: 'int java.lang.invoke.DirectMethodHandle$Holder.invokeInterface(java.lang.Object, java.lang.Object, java.lang.Object, java.lang.Object)'> (0x00000000cad45ce8) 
thrown [s\open\src\hotspot\share\interpreter\linkResolver.cpp, line 759]
Event: 28.138 Thread 0x000002051a92b2d0 Exception <a 'java/lang/NoSuchMethodError'{0x00000000cab401d0}: 'long java.lang.invoke.DirectMethodHandle$Holder.invokeVirtual(java.lang.Object, java.lang.Object)'> (0x00000000cab401d0) 
thrown [s\open\src\hotspot\share\interpreter\linkResolver.cpp, line 759]
Event: 28.151 Thread 0x000002051a92b2d0 Exception <a 'java/io/FileNotFoundException'{0x00000000cab74138}> (0x00000000cab74138) 
thrown [s\open\src\hotspot\share\prims\jni.cpp, line 516]
Event: 28.508 Thread 0x000002051a92b2d0 Exception <a 'sun/nio/fs/WindowsException'{0x00000000ca570048}> (0x00000000ca570048) 
thrown [s\open\src\hotspot\share\prims\jni.cpp, line 516]
Event: 31.100 Thread 0x000002051a92b2d0 Exception <a 'java/lang/NoSuchMethodError'{0x00000000cb39e2f0}: 'int java.lang.invoke.DirectMethodHandle$Holder.invokeStatic(java.lang.Object)'> (0x00000000cb39e2f0) 
thrown [s\open\src\hotspot\share\interpreter\linkResolver.cpp, line 759]

VM Operations (20 events):
Event: 27.333 Executing VM operation: G1CollectForAllocation
Event: 27.346 Executing VM operation: G1CollectForAllocation done
Event: 27.408 Executing VM operation: HandshakeAllThreads
Event: 27.408 Executing VM operation: HandshakeAllThreads done
Event: 27.424 Executing VM operation: G1CollectForAllocation
Event: 27.436 Executing VM operation: G1CollectForAllocation done
Event: 27.732 Executing VM operation: HandshakeAllThreads
Event: 27.733 Executing VM operation: HandshakeAllThreads done
Event: 28.002 Executing VM operation: HandshakeAllThreads
Event: 28.002 Executing VM operation: HandshakeAllThreads done
Event: 28.003 Executing VM operation: HandshakeAllThreads
Event: 28.003 Executing VM operation: HandshakeAllThreads done
Event: 28.164 Executing VM operation: HandshakeAllThreads
Event: 28.164 Executing VM operation: HandshakeAllThreads done
Event: 28.328 Executing VM operation: HandshakeAllThreads
Event: 28.328 Executing VM operation: HandshakeAllThreads done
Event: 28.712 Executing VM operation: G1CollectForAllocation
Event: 28.719 Executing VM operation: G1CollectForAllocation done
Event: 30.687 Executing VM operation: G1CollectForAllocation
Event: 30.693 Executing VM operation: G1CollectForAllocation done

Events (20 events):
Event: 31.554 loading class java/net/SocksConsts done
Event: 31.554 loading class java/net/DelegatingSocketImpl
Event: 31.557 loading class java/net/DelegatingSocketImpl done
Event: 31.557 loading class java/net/SocksSocketImpl done
Event: 31.558 loading class java/net/SocksSocketImpl$3
Event: 31.559 loading class java/net/SocksSocketImpl$3 done
Event: 31.559 loading class java/net/ProxySelector
Event: 31.562 loading class java/net/ProxySelector done
Event: 31.562 loading class sun/net/spi/DefaultProxySelector
Event: 31.564 loading class sun/net/spi/DefaultProxySelector done
Event: 31.565 loading class java/net/Proxy
Event: 31.566 loading class java/net/Proxy done
Event: 31.566 loading class java/net/Proxy$Type
Event: 31.566 loading class java/net/Proxy$Type done
Event: 31.567 loading class sun/net/spi/DefaultProxySelector$1
Event: 31.572 loading class sun/net/spi/DefaultProxySelector$1 done
Event: 31.572 loading class sun/net/spi/DefaultProxySelector$NonProxyInfo
Event: 31.573 loading class sun/net/spi/DefaultProxySelector$NonProxyInfo done
Event: 31.573 loading class sun/net/spi/DefaultProxySelector$3
Event: 31.573 loading class sun/net/spi/DefaultProxySelector$3 done


Dynamic libraries:
0x00007ff6da100000 - 0x00007ff6da110000 	C:\Program Files\Java\jdk-17.0.10_windows-x64_bin\jdk-17.0.10\bin\javaw.exe
0x00007ffdccaf0000 - 0x00007ffdccce8000 	C:\Windows\SYSTEM32\ntdll.dll
0x00007ffdcbe80000 - 0x00007ffdcbf3d000 	C:\Windows\System32\KERNEL32.DLL
0x00007ffdca380000 - 0x00007ffdca676000 	C:\Windows\System32\KERNELBASE.dll
0x00007ffdcaa40000 - 0x00007ffdcab40000 	C:\Windows\System32\ucrtbase.dll
0x00007ffdc4870000 - 0x00007ffdc4889000 	C:\Program Files\Java\jdk-17.0.10_windows-x64_bin\jdk-17.0.10\bin\jli.dll
0x00007ffdcbf40000 - 0x00007ffdcbff3000 	C:\Windows\System32\ADVAPI32.dll
0x00007ffdcc1b0000 - 0x00007ffdcc24e000 	C:\Windows\System32\msvcrt.dll
0x00007ffdc4790000 - 0x00007ffdc47ab000 	C:\Program Files\Java\jdk-17.0.10_windows-x64_bin\jdk-17.0.10\bin\VCRUNTIME140.dll
0x00007ffdcbad0000 - 0x00007ffdcbb6f000 	C:\Windows\System32\sechost.dll
0x00007ffdcb5f0000 - 0x00007ffdcb716000 	C:\Windows\System32\RPCRT4.dll
0x00007ffdca880000 - 0x00007ffdca8a7000 	C:\Windows\System32\bcrypt.dll
0x00007ffdcbce0000 - 0x00007ffdcbe7e000 	C:\Windows\System32\USER32.dll
0x00007ffdca6f0000 - 0x00007ffdca712000 	C:\Windows\System32\win32u.dll
0x00007ffdcbbd0000 - 0x00007ffdcbbfc000 	C:\Windows\System32\GDI32.dll
0x00007ffdb9360000 - 0x00007ffdb95fa000 	C:\Windows\WinSxS\amd64_microsoft.windows.common-controls_6595b64144ccf1df_6.0.19041.3636_none_60b6a03d71f818d5\COMCTL32.dll
0x00007ffdca1c0000 - 0x00007ffdca2da000 	C:\Windows\System32\gdi32full.dll
0x00007ffdca2e0000 - 0x00007ffdca37d000 	C:\Windows\System32\msvcp_win.dll
0x00007ffdc11e0000 - 0x00007ffdc11ea000 	C:\Windows\SYSTEM32\VERSION.dll
0x00007ffdcca80000 - 0x00007ffdccab0000 	C:\Windows\System32\IMM32.DLL
0x00007ffdc49a0000 - 0x00007ffdc49ac000 	C:\Program Files\Java\jdk-17.0.10_windows-x64_bin\jdk-17.0.10\bin\vcruntime140_1.dll
0x00007ffdb82e0000 - 0x00007ffdb836e000 	C:\Program Files\Java\jdk-17.0.10_windows-x64_bin\jdk-17.0.10\bin\msvcp140.dll
0x00007ffd93e50000 - 0x00007ffd94a2f000 	C:\Program Files\Java\jdk-17.0.10_windows-x64_bin\jdk-17.0.10\bin\server\jvm.dll
0x00007ffdcbc20000 - 0x00007ffdcbc28000 	C:\Windows\System32\PSAPI.DLL
0x00007ffdc50a0000 - 0x00007ffdc50a9000 	C:\Windows\SYSTEM32\WSOCK32.dll
0x00007ffdcc140000 - 0x00007ffdcc1ab000 	C:\Windows\System32\WS2_32.dll
0x00007ffdbf330000 - 0x00007ffdbf357000 	C:\Windows\SYSTEM32\WINMM.dll
0x00007ffdc8070000 - 0x00007ffdc8082000 	C:\Windows\SYSTEM32\kernel.appcore.dll
0x00007ffdc2380000 - 0x00007ffdc238a000 	C:\Program Files\Java\jdk-17.0.10_windows-x64_bin\jdk-17.0.10\bin\jimage.dll
0x00007ffdb8a20000 - 0x00007ffdb8c04000 	C:\Windows\SYSTEM32\DBGHELP.DLL
0x00007ffdb83e0000 - 0x00007ffdb8414000 	C:\Windows\SYSTEM32\dbgcore.DLL
0x00007ffdca8b0000 - 0x00007ffdca932000 	C:\Windows\System32\bcryptPrimitives.dll
0x00007ffdb9220000 - 0x00007ffdb9245000 	C:\Program Files\Java\jdk-17.0.10_windows-x64_bin\jdk-17.0.10\bin\java.dll
0x00007ffdb3dc0000 - 0x00007ffdb3e97000 	C:\Program Files\Java\jdk-17.0.10_windows-x64_bin\jdk-17.0.10\bin\jsvml.dll
0x00007ffdcab40000 - 0x00007ffdcb285000 	C:\Windows\System32\SHELL32.dll
0x00007ffdc8270000 - 0x00007ffdc8a0b000 	C:\Windows\SYSTEM32\windows.storage.dll
0x00007ffdcb290000 - 0x00007ffdcb5e4000 	C:\Windows\System32\combase.dll
0x00007ffdc9b20000 - 0x00007ffdc9b4d000 	C:\Windows\SYSTEM32\Wldp.dll
0x00007ffdcb940000 - 0x00007ffdcb9ed000 	C:\Windows\System32\SHCORE.dll
0x00007ffdcc000000 - 0x00007ffdcc055000 	C:\Windows\System32\shlwapi.dll
0x00007ffdca0f0000 - 0x00007ffdca115000 	C:\Windows\SYSTEM32\profapi.dll
0x00007ffdc2300000 - 0x00007ffdc2319000 	C:\Program Files\Java\jdk-17.0.10_windows-x64_bin\jdk-17.0.10\bin\net.dll
0x00007ffdc1940000 - 0x00007ffdc1a4a000 	C:\Windows\SYSTEM32\WINHTTP.dll
0x00007ffdc9880000 - 0x00007ffdc98ea000 	C:\Windows\system32\mswsock.dll
0x00007ffdc22c0000 - 0x00007ffdc22d6000 	C:\Program Files\Java\jdk-17.0.10_windows-x64_bin\jdk-17.0.10\bin\nio.dll
0x00007ffdc2280000 - 0x00007ffdc2298000 	C:\Program Files\Java\jdk-17.0.10_windows-x64_bin\jdk-17.0.10\bin\zip.dll
0x00007ffdc12b0000 - 0x00007ffdc12ba000 	C:\Program Files\Java\jdk-17.0.10_windows-x64_bin\jdk-17.0.10\bin\management.dll
0x00007ffdc12a0000 - 0x00007ffdc12ab000 	C:\Program Files\Java\jdk-17.0.10_windows-x64_bin\jdk-17.0.10\bin\management_ext.dll
0x00007ffdb47b0000 - 0x00007ffdb47c7000 	C:\Windows\system32\napinsp.dll
0x00007ffdb4790000 - 0x00007ffdb47ab000 	C:\Windows\system32\pnrpnsp.dll
0x00007ffdc4080000 - 0x00007ffdc4095000 	C:\Windows\system32\wshbth.dll
0x00007ffdc5ba0000 - 0x00007ffdc5bbd000 	C:\Windows\system32\NLAapi.dll
0x00007ffdc9570000 - 0x00007ffdc95ab000 	C:\Windows\SYSTEM32\IPHLPAPI.DLL
0x00007ffdc95b0000 - 0x00007ffdc967a000 	C:\Windows\SYSTEM32\DNSAPI.dll
0x00007ffdcb930000 - 0x00007ffdcb938000 	C:\Windows\System32\NSI.dll
0x00007ffdb4770000 - 0x00007ffdb4782000 	C:\Windows\System32\winrnr.dll
0x00007ffdc1380000 - 0x00007ffdc138a000 	C:\Windows\System32\rasadhlp.dll
0x00007ffdbc040000 - 0x00007ffdbc0c0000 	C:\Windows\System32\fwpuclnt.dll
0x00007ffdc9a70000 - 0x00007ffdc9a88000 	C:\Windows\SYSTEM32\CRYPTSP.dll
0x00007ffdc91b0000 - 0x00007ffdc91e4000 	C:\Windows\system32\rsaenh.dll
0x00007ffdca070000 - 0x00007ffdca09e000 	C:\Windows\SYSTEM32\USERENV.dll
0x00007ffdc9a90000 - 0x00007ffdc9a9c000 	C:\Windows\SYSTEM32\CRYPTBASE.dll
0x00007ffdc32a0000 - 0x00007ffdc32b7000 	C:\Windows\SYSTEM32\dhcpcsvc6.DLL
0x00007ffdc3250000 - 0x00007ffdc326d000 	C:\Windows\SYSTEM32\dhcpcsvc.DLL
0x00007ffdc03b0000 - 0x00007ffdc03be000 	C:\Program Files\Java\jdk-17.0.10_windows-x64_bin\jdk-17.0.10\bin\sunmscapi.dll
0x00007ffdca720000 - 0x00007ffdca87d000 	C:\Windows\System32\CRYPT32.dll
0x00007ffdc9b90000 - 0x00007ffdc9bb8000 	C:\Windows\SYSTEM32\ncrypt.dll
0x00007ffdc9b50000 - 0x00007ffdc9b8b000 	C:\Windows\SYSTEM32\NTASN1.dll
0x00007ffdbc190000 - 0x00007ffdbc1a0000 	C:\Program Files\Java\jdk-17.0.10_windows-x64_bin\jdk-17.0.10\bin\verify.dll

dbghelp: loaded successfully - version: 4.0.5 - missing functions: none
symbol engine: initialized successfully - sym options: 0x614 - pdb path: .;C:\Program Files\Java\jdk-17.0.10_windows-x64_bin\jdk-17.0.10\bin;C:\Windows\SYSTEM32;C:\Windows\WinSxS\amd64_microsoft.windows.common-controls_6595b64144ccf1df_6.0.19041.3636_none_60b6a03d71f818d5;C:\Program Files\Java\jdk-17.0.10_windows-x64_bin\jdk-17.0.10\bin\server

VM Arguments:
jvm_args: -Dcom.sun.management.jmxremote -Dcom.sun.management.jmxremote.port=58073 -Dcom.sun.management.jmxremote.authenticate=false -Dcom.sun.management.jmxremote.ssl=false -Djava.rmi.server.hostname=localhost -Dspring.jmx.enabled=true -Dmanagement.endpoints.jmx.exposure.include=* -Dspring.application.admin.enabled=true -XX:TieredStopAtLevel=1 -Dspring.boot.project.name=management -Dfile.encoding=UTF-8 -Dstdout.encoding=UTF-8 -Dstderr.encoding=UTF-8 -XX:+ShowCodeDetailsInExceptionMessages 
java_command: com.becoder.ManagementApplication --spring.output.ansi.enabled=always
java_class_path (initial): C:\Users\Hp\Documents\workspace-spring-tool-suite-4-4.21.0.RELEASE\management\bin\main;C:\Users\Hp\.gradle\caches\modules-2\files-2.1\org.springframework.boot\spring-boot-starter-data-jpa\3.1.8\d157dc734feb12cb2c8525d1ef67ee7cd95795aa\spring-boot-starter-data-jpa-3.1.8.jar;C:\Users\Hp\.gradle\caches\modules-2\files-2.1\org.springframework.boot\spring-boot-starter-thymeleaf\3.1.8\c24940eddc48476acb6ffa9802d59c547a82d700\spring-boot-starter-thymeleaf-3.1.8.jar;C:\Users\Hp\.gradle\caches\modules-2\files-2.1\org.springframework.boot\spring-boot-starter-web\3.1.8\f72ce8b84b6d5ea6d3cd51d629764a9597d27139\spring-boot-starter-web-3.1.8.jar;C:\Users\Hp\.gradle\caches\modules-2\files-2.1\org.springframework.boot\spring-boot-starter-aop\3.1.8\64b165c608e42f99caf5cd298aeb7fdfea57a958\spring-boot-starter-aop-3.1.8.jar;C:\Users\Hp\.gradle\caches\modules-2\files-2.1\org.springframework.boot\spring-boot-starter-jdbc\3.1.8\206d7227773ac5d6cc841f9ddefd5c35af907e3b\spring-boot-starter-jdbc-3.1.8.jar;C:\Users\Hp\.gradle\caches\modules-2\files-2.1\org.hibernate.orm\hibernate-core\6.2.20.Final\3d7cd85a7402632222f84a7c804028178bc2a346\hibernate-core-6.2.20.Final.jar;C:\Users\Hp\.gradle\caches\modules-2\files-2.1\org.springframework.data\spring-data-jpa\3.1.8\ba81dddada13a33acc8c153c1e3c23a9f9ba2684\spring-data-jpa-3.1.8.jar;C:\Users\Hp\.gradle\caches\modules-2\files-2.1\org.springframework\spring-aspects\6.0.16\74eacdfb38b90d334b7fa56016c048c60314dd2c\spring-aspects-6.0.16.jar;C:\Users\Hp\.gradle\caches\modules-2\files-2.1\org.springframework.boot\spring-boot-starter-json\3.1.8\2803ff01bc49652a7bf197a3c971988153502368\spring-boot-starter-json-3.1.8.jar;C:\Users\Hp\.gradle\caches\modules-2\files-2.1\org.springframework.boot\spring-boot-starter\3.1.8\7f2837e46b9d9938da97c878b8de73c685ffb264\spring-boot-starter-3.1.8.jar;C:\Users\Hp\.gradle\caches\modules-2\files-2.1\org.thymeleaf\thymeleaf-spring6\3.1.2.RELEASE\6030c7b4e260c41336f378e53da6e8531263f24b\thymeleaf-
Launcher Type: SUN_STANDARD

[Global flags]
     intx CICompilerCount                          = 3                                         {product} {ergonomic}
     uint ConcGCThreads                            = 1                                         {product} {ergonomic}
     uint G1ConcRefinementThreads                  = 4                                         {product} {ergonomic}
   size_t G1HeapRegionSize                         = 1048576                                   {product} {ergonomic}
    uintx GCDrainStackTargetSize                   = 64                                        {product} {ergonomic}
   size_t InitialHeapSize                          = 58720256                                  {product} {ergonomic}
     bool ManagementServer                         = true                                      {product} {command line}
   size_t MarkStackSize                            = 4194304                                   {product} {ergonomic}
   size_t MaxHeapSize                              = 931135488                                 {product} {ergonomic}
   size_t MaxNewSize                               = 557842432                                 {product} {ergonomic}
   size_t MinHeapDeltaBytes                        = 1048576                                   {product} {ergonomic}
   size_t MinHeapSize                              = 8388608                                   {product} {ergonomic}
    uintx NonProfiledCodeHeapSize                  = 0                                      {pd product} {ergonomic}
     bool ProfileInterpreter                       = false                                  {pd product} {command line}
    uintx ProfiledCodeHeapSize                     = 0                                      {pd product} {ergonomic}
     bool ShowCodeDetailsInExceptionMessages       = true                                   {manageable} {command line}
   size_t SoftMaxHeapSize                          = 931135488                              {manageable} {ergonomic}
     intx TieredStopAtLevel                        = 1                                         {product} {command line}
     bool UseCompressedClassPointers               = true                           {product lp64_product} {ergonomic}
     bool UseCompressedOops                        = true                           {product lp64_product} {ergonomic}
     bool UseG1GC                                  = true                                      {product} {ergonomic}
     bool UseLargePagesIndividualAllocation        = false                                  {pd product} {ergonomic}

Logging:
Log output configuration:
 #0: stdout all=warning uptime,level,tags
 #1: stderr all=off uptime,level,tags

Environment Variables:
PATH=C:/Users/Hp/AppData/Local/Temp/Rar$EXa10500.36906/sts-4.21.0.RELEASE//plugins/org.eclipse.justj.openjdk.hotspot.jre.full.win32.x86_64_17.0.9.v20231028-0858/jre/bin/server;C:/Users/Hp/AppData/Local/Temp/Rar$EXa10500.36906/sts-4.21.0.RELEASE//plugins/org.eclipse.justj.openjdk.hotspot.jre.full.win32.x86_64_17.0.9.v20231028-0858/jre/bin;C:\Program Files\WinRAR;C:\Program Files (x86)\VMware\VMware Player\bin\;C:\Program Files\Java\jdk-16.0.1\bin;C:\Program Files (x86)\Common Files\Oracle\Java\javapath;C:\Windows;C:\Windows\System32\Wbem;C:\Windows\System32\WindowsPowerShell\v1.0\;C:\Windows\System32\OpenSSH\;C:\Users\Hp\AppData\Local\Programs\Python\Python310;C:\Program Files\MySQL\MySQL Shell 8.0\bin\;C:\Program Files\Java\jdk-16.0.1\bin;C:\Users\Hp\AppData\Local\Programs\Python\Python310;C:\Users\Hp\AppData\Local\Programs\Microsoft VS Code\bin;C:\Program Files (x86)\Inno Setup 6;;C:\Users\Hp\AppData\Local\Temp\Rar$EXa10500.36906\sts-4.21.0.RELEASE;
USERNAME=Hp
OS=Windows_NT
PROCESSOR_IDENTIFIER=AMD64 Family 22 Model 48 Stepping 1, AuthenticAMD



---------------  S Y S T E M  ---------------

OS:
 Windows 10 , 64 bit Build 19041 (10.0.19041.3636)
OS uptime: 0 days 5:38 hours

CPU: total 4 (initial active 4) (4 cores per cpu, 1 threads per core) family 22 model 48 stepping 1 microcode 0x0, cx8, cmov, fxsr, mmx, 3dnowpref, sse, sse2, sse3, ssse3, sse4a, sse4.1, sse4.2, popcnt, lzcnt, tsc, tscinvbit, avx, aes, clmul, bmi1, vzeroupper, clflush

Memory: 4k page, system-wide physical 3551M (206M free)
TotalPageFile size 14303M (AvailPageFile size 0M)
current process WorkingSet (physical memory assigned to process): 142M, peak: 142M
current process commit charge ("private bytes"): 175M, peak: 175M

vm_info: Java HotSpot(TM) 64-Bit Server VM (17.0.10+11-LTS-240) for windows-amd64 JRE (17.0.10+11-LTS-240), built on Dec 19 2023 21:47:25 by "mach5one" with MS VC++ 17.1 (VS2022)

END.
