#
# There is insufficient memory for the Java Runtime Environment to continue.
# Native memory allocation (mmap) failed to map 65536 bytes for Failed to commit metaspace.
# Possible reasons:
#   The system is out of physical RAM or swap space
#   The process is running with CompressedOops enabled, and the Java Heap may be blocking the growth of the native heap
# Possible solutions:
#   Reduce memory load on the system
#   Increase physical memory or swap space
#   Check if swap backing store is full
#   Decrease Java heap size (-Xmx/-Xms)
#   Decrease number of Java threads
#   Decrease Java thread stack sizes (-Xss)
#   Set larger code cache with -XX:ReservedCodeCacheSize=
#   JVM is running with Unscaled Compressed Oops mode in which the Java heap is
#     placed in the first 4GB address space. The Java Heap base address is the
#     maximum limit for the native heap growth. Please use -XX:HeapBaseMinAddress
#     to set the Java Heap base and to place the Java Heap above 4GB virtual address.
# This output file may be truncated or incomplete.
#
#  Out of Memory Error (virtualSpaceNode.cpp:110), pid=7556, tid=5548
#
# JRE version: Java(TM) SE Runtime Environment (17.0.10+11) (build 17.0.10+11-LTS-240)
# Java VM: Java HotSpot(TM) 64-Bit Server VM (17.0.10+11-LTS-240, mixed mode, emulated-client, sharing, tiered, compressed oops, compressed class ptrs, g1 gc, windows-amd64)
# No core dump will be written. Minidumps are not enabled by default on client versions of Windows
#

---------------  S U M M A R Y ------------

Command Line: -Dcom.sun.management.jmxremote -Dcom.sun.management.jmxremote.port=58319 -Dcom.sun.management.jmxremote.authenticate=false -Dcom.sun.management.jmxremote.ssl=false -Djava.rmi.server.hostname=localhost -Dspring.jmx.enabled=true -Dmanagement.endpoints.jmx.exposure.include=* -Dspring.application.admin.enabled=true -XX:TieredStopAtLevel=1 -Dspring.boot.project.name=management -Dfile.encoding=UTF-8 -Dstdout.encoding=UTF-8 -Dstderr.encoding=UTF-8 -XX:+ShowCodeDetailsInExceptionMessages com.becoder.ManagementApplication --spring.output.ansi.enabled=always

Host: AMD A6-7310 APU with AMD Radeon R4 Graphics    , 4 cores, 3G,  Windows 10 , 64 bit Build 19041 (10.0.19041.3636)
Time: Mon Feb  5 15:48:03 2024 India Standard Time elapsed time: 16.562463 seconds (0d 0h 0m 16s)

---------------  T H R E A D  ---------------

Current thread (0x000001f4e886c350):  JavaThread "restartedMain" [_thread_in_vm, id=5548, stack(0x000000cfa7200000,0x000000cfa7300000)]

Stack: [0x000000cfa7200000,0x000000cfa7300000]
Native frames: (J=compiled Java code, j=interpreted, Vv=VM code, C=native code)
V  [jvm.dll+0x677a5a]
V  [jvm.dll+0x7d8b2d]
V  [jvm.dll+0x7da48e]
V  [jvm.dll+0x7daaf3]
V  [jvm.dll+0x2455ff]
V  [jvm.dll+0x7d483b]
V  [jvm.dll+0x61dc06]
V  [jvm.dll+0x1bfa87]
V  [jvm.dll+0x620570]
V  [jvm.dll+0x61e5c6]
V  [jvm.dll+0x23b031]
V  [jvm.dll+0x125292]
V  [jvm.dll+0x24dbd9]
V  [jvm.dll+0x24ef3f]
V  [jvm.dll+0x1e1c5f]
V  [jvm.dll+0x1e11ed]
V  [jvm.dll+0x53d5b5]
V  [jvm.dll+0x753438]
V  [jvm.dll+0x753524]
V  [jvm.dll+0x40babf]
V  [jvm.dll+0x411a89]
C  [java.dll+0x17ec]

Java frames: (J=compiled Java code, j=interpreted, Vv=VM code)
J 1191  java.lang.ClassLoader.defineClass1(Ljava/lang/ClassLoader;Ljava/lang/String;[BIILjava/security/ProtectionDomain;Ljava/lang/String;)Ljava/lang/Class; java.base@17.0.10 (0 bytes) @ 0x000001f49b4a5863 [0x000001f49b4a57a0+0x00000000000000c3]
J 1398 c1 java.lang.ClassLoader.defineClass(Ljava/lang/String;[BIILjava/security/ProtectionDomain;)Ljava/lang/Class; java.base@17.0.10 (43 bytes) @ 0x000001f49b500ddc [0x000001f49b500ce0+0x00000000000000fc]
J 1237 c1 jdk.internal.loader.BuiltinClassLoader.defineClass(Ljava/lang/String;Ljdk/internal/loader/Resource;)Ljava/lang/Class; java.base@17.0.10 (121 bytes) @ 0x000001f49b4bd7e4 [0x000001f49b4bd320+0x00000000000004c4]
J 1222 c1 jdk.internal.loader.BuiltinClassLoader.findClassOnClassPathOrNull(Ljava/lang/String;)Ljava/lang/Class; java.base@17.0.10 (64 bytes) @ 0x000001f49b4b6fb4 [0x000001f49b4b6d00+0x00000000000002b4]
J 936 c1 jdk.internal.loader.BuiltinClassLoader.loadClassOrNull(Ljava/lang/String;Z)Ljava/lang/Class; java.base@17.0.10 (143 bytes) @ 0x000001f49b43fd5c [0x000001f49b43f900+0x000000000000045c]
J 1078 c1 jdk.internal.loader.ClassLoaders$AppClassLoader.loadClass(Ljava/lang/String;Z)Ljava/lang/Class; java.base@17.0.10 (40 bytes) @ 0x000001f49b47f524 [0x000001f49b47f3e0+0x0000000000000144]
J 1055 c1 java.lang.ClassLoader.loadClass(Ljava/lang/String;)Ljava/lang/Class; java.base@17.0.10 (7 bytes) @ 0x000001f49b477564 [0x000001f49b477520+0x0000000000000044]
v  ~StubRoutines::call_stub
j  org.hibernate.event.service.internal.EventListenerRegistryImpl$Builder.applyStandardListeners()V+74
j  org.hibernate.event.service.internal.EventListenerRegistryImpl$Builder.<init>(Lorg/hibernate/jpa/event/spi/CallbackRegistry;Z)V+34
j  org.hibernate.event.spi.EventEngine.<init>(Lorg/hibernate/boot/spi/MetadataImplementor;Lorg/hibernate/engine/spi/SessionFactoryImplementor;)V+48
j  org.hibernate.internal.SessionFactoryImpl.<init>(Lorg/hibernate/boot/spi/MetadataImplementor;Lorg/hibernate/boot/spi/SessionFactoryOptions;Lorg/hibernate/boot/spi/BootstrapContext;)V+61
j  org.hibernate.boot.internal.SessionFactoryBuilderImpl.build()Lorg/hibernate/SessionFactory;+16
j  org.hibernate.jpa.boot.internal.EntityManagerFactoryBuilderImpl.build()Ljakarta/persistence/EntityManagerFactory;+22
j  org.springframework.orm.jpa.vendor.SpringHibernateJpaPersistenceProvider.createContainerEntityManagerFactory(Ljakarta/persistence/spi/PersistenceUnitInfo;Ljava/util/Map;)Ljakarta/persistence/EntityManagerFactory;+59
j  org.springframework.orm.jpa.LocalContainerEntityManagerFactoryBean.createNativeEntityManagerFactory()Ljakarta/persistence/EntityManagerFactory;+111
j  org.springframework.orm.jpa.AbstractEntityManagerFactoryBean.buildNativeEntityManagerFactory()Ljakarta/persistence/EntityManagerFactory;+1
j  org.springframework.orm.jpa.AbstractEntityManagerFactoryBean.afterPropertiesSet()V+192
j  org.springframework.orm.jpa.LocalContainerEntityManagerFactoryBean.afterPropertiesSet()V+84
j  org.springframework.beans.factory.support.AbstractAutowireCapableBeanFactory.invokeInitMethods(Ljava/lang/String;Ljava/lang/Object;Lorg/springframework/beans/factory/support/RootBeanDefinition;)V+56
j  org.springframework.beans.factory.support.AbstractAutowireCapableBeanFactory.initializeBean(Ljava/lang/String;Ljava/lang/Object;Lorg/springframework/beans/factory/support/RootBeanDefinition;)Ljava/lang/Object;+34
j  org.springframework.beans.factory.support.AbstractAutowireCapableBeanFactory.doCreateBean(Ljava/lang/String;Lorg/springframework/beans/factory/support/RootBeanDefinition;[Ljava/lang/Object;)Ljava/lang/Object;+228
j  org.springframework.beans.factory.support.AbstractAutowireCapableBeanFactory.createBean(Ljava/lang/String;Lorg/springframework/beans/factory/support/RootBeanDefinition;[Ljava/lang/Object;)Ljava/lang/Object;+153
j  org.springframework.beans.factory.support.AbstractBeanFactory.lambda$doGetBean$0(Ljava/lang/String;Lorg/springframework/beans/factory/support/RootBeanDefinition;[Ljava/lang/Object;)Ljava/lang/Object;+4
j  org.springframework.beans.factory.support.AbstractBeanFactory$$Lambda$363+0x000001f4a421d3a0.getObject()Ljava/lang/Object;+16
j  org.springframework.beans.factory.support.DefaultSingletonBeanRegistry.getSingleton(Ljava/lang/String;Lorg/springframework/beans/factory/ObjectFactory;)Ljava/lang/Object;+114
J 2565 c1 org.springframework.beans.factory.support.AbstractBeanFactory.doGetBean(Ljava/lang/String;Ljava/lang/Class;[Ljava/lang/Object;Z)Ljava/lang/Object; (714 bytes) @ 0x000001f49b6dc684 [0x000001f49b6dc0c0+0x00000000000005c4]
j  org.springframework.beans.factory.support.AbstractBeanFactory.getBean(Ljava/lang/String;)Ljava/lang/Object;+5
j  org.springframework.context.support.AbstractApplicationContext.getBean(Ljava/lang/String;)Ljava/lang/Object;+9
j  org.springframework.context.support.AbstractApplicationContext.finishBeanFactoryInitialization(Lorg/springframework/beans/factory/config/ConfigurableListableBeanFactory;)V+106
j  org.springframework.context.support.AbstractApplicationContext.refresh()V+86
j  org.springframework.boot.web.servlet.context.ServletWebServerApplicationContext.refresh()V+1
j  org.springframework.boot.SpringApplication.refresh(Lorg/springframework/context/ConfigurableApplicationContext;)V+1
j  org.springframework.boot.SpringApplication.refreshContext(Lorg/springframework/context/ConfigurableApplicationContext;)V+16
j  org.springframework.boot.SpringApplication.run([Ljava/lang/String;)Lorg/springframework/context/ConfigurableApplicationContext;+114
j  org.springframework.boot.SpringApplication.run([Ljava/lang/Class;[Ljava/lang/String;)Lorg/springframework/context/ConfigurableApplicationContext;+9
j  org.springframework.boot.SpringApplication.run(Ljava/lang/Class;[Ljava/lang/String;)Lorg/springframework/context/ConfigurableApplicationContext;+9
j  com.becoder.ManagementApplication.main([Ljava/lang/String;)V+3
v  ~StubRoutines::call_stub
j  jdk.internal.reflect.NativeMethodAccessorImpl.invoke0(Ljava/lang/reflect/Method;Ljava/lang/Object;[Ljava/lang/Object;)Ljava/lang/Object;+0 java.base@17.0.10
j  jdk.internal.reflect.NativeMethodAccessorImpl.invoke(Ljava/lang/Object;[Ljava/lang/Object;)Ljava/lang/Object;+133 java.base@17.0.10
j  jdk.internal.reflect.DelegatingMethodAccessorImpl.invoke(Ljava/lang/Object;[Ljava/lang/Object;)Ljava/lang/Object;+6 java.base@17.0.10
j  java.lang.reflect.Method.invoke(Ljava/lang/Object;[Ljava/lang/Object;)Ljava/lang/Object;+59 java.base@17.0.10
j  org.springframework.boot.devtools.restart.RestartLauncher.run()V+47
v  ~StubRoutines::call_stub

---------------  P R O C E S S  ---------------

Threads class SMR info:
_java_thread_list=0x000001f4e8734550, length=24, elements={
0x000001f4920a89c0, 0x000001f492153960, 0x000001f492155780, 0x000001f492161dd0,
0x000001f4921636b0, 0x000001f492163f80, 0x000001f492164850, 0x000001f492165120,
0x000001f492169dd0, 0x000001f4e8008300, 0x000001f4e80494c0, 0x000001f4e8502e00,
0x000001f4e85016d0, 0x000001f4e8502360, 0x000001f4e83e2ea0, 0x000001f4e882e730,
0x000001f4e8836810, 0x000001f4e886cd70, 0x000001f4e886be40, 0x000001f4e886c350,
0x000001f4e886c860, 0x000001f4e886dca0, 0x000001f4e886d280, 0x000001f4e886b420
}

Java Threads: ( => current thread )
  0x000001f4920a89c0 JavaThread "main" [_thread_blocked, id=14600, stack(0x000000cfa5300000,0x000000cfa5400000)]
  0x000001f492153960 JavaThread "Reference Handler" daemon [_thread_blocked, id=16780, stack(0x000000cfa5a00000,0x000000cfa5b00000)]
  0x000001f492155780 JavaThread "Finalizer" daemon [_thread_blocked, id=6404, stack(0x000000cfa5b00000,0x000000cfa5c00000)]
  0x000001f492161dd0 JavaThread "Signal Dispatcher" daemon [_thread_blocked, id=17568, stack(0x000000cfa5c00000,0x000000cfa5d00000)]
  0x000001f4921636b0 JavaThread "Attach Listener" daemon [_thread_blocked, id=3220, stack(0x000000cfa5d00000,0x000000cfa5e00000)]
  0x000001f492163f80 JavaThread "Service Thread" daemon [_thread_blocked, id=16336, stack(0x000000cfa5e00000,0x000000cfa5f00000)]
  0x000001f492164850 JavaThread "Monitor Deflation Thread" daemon [_thread_blocked, id=17808, stack(0x000000cfa5f00000,0x000000cfa6000000)]
  0x000001f492165120 JavaThread "C1 CompilerThread0" daemon [_thread_blocked, id=14032, stack(0x000000cfa6000000,0x000000cfa6100000)]
  0x000001f492169dd0 JavaThread "Sweeper thread" daemon [_thread_blocked, id=5700, stack(0x000000cfa6100000,0x000000cfa6200000)]
  0x000001f4e8008300 JavaThread "Common-Cleaner" daemon [_thread_blocked, id=11872, stack(0x000000cfa6200000,0x000000cfa6300000)]
  0x000001f4e80494c0 JavaThread "Notification Thread" daemon [_thread_blocked, id=18356, stack(0x000000cfa6400000,0x000000cfa6500000)]
  0x000001f4e8502e00 JavaThread "RMI TCP Accept-0" daemon [_thread_in_native, id=9360, stack(0x000000cfa6500000,0x000000cfa6600000)]
  0x000001f4e85016d0 JavaThread "RMI TCP Accept-58319" daemon [_thread_in_native, id=8956, stack(0x000000cfa6600000,0x000000cfa6700000)]
  0x000001f4e8502360 JavaThread "RMI TCP Accept-0" daemon [_thread_in_native, id=17152, stack(0x000000cfa6700000,0x000000cfa6800000)]
  0x000001f4e83e2ea0 JavaThread "RMI TCP Connection(1)-127.0.0.1" daemon [_thread_in_native, id=5212, stack(0x000000cfa6d00000,0x000000cfa6e00000)]
  0x000001f4e882e730 JavaThread "RMI TCP Connection(2)-127.0.0.1" daemon [_thread_in_native, id=1764, stack(0x000000cfa6e00000,0x000000cfa6f00000)]
  0x000001f4e8836810 JavaThread "RMI Scheduler(0)" daemon [_thread_blocked, id=7920, stack(0x000000cfa6f00000,0x000000cfa7000000)]
  0x000001f4e886cd70 JavaThread "JMX server connection timeout 21" daemon [_thread_blocked, id=15136, stack(0x000000cfa7000000,0x000000cfa7100000)]
  0x000001f4e886be40 JavaThread "Thread-0" [_thread_blocked, id=15960, stack(0x000000cfa7100000,0x000000cfa7200000)]
=>0x000001f4e886c350 JavaThread "restartedMain" [_thread_in_vm, id=5548, stack(0x000000cfa7200000,0x000000cfa7300000)]
  0x000001f4e886c860 JavaThread "Catalina-utility-1" [_thread_blocked, id=11816, stack(0x000000cfa7300000,0x000000cfa7400000)]
  0x000001f4e886dca0 JavaThread "Catalina-utility-2" [_thread_blocked, id=5160, stack(0x000000cfa7400000,0x000000cfa7500000)]
  0x000001f4e886d280 JavaThread "container-0" [_thread_blocked, id=16896, stack(0x000000cfa7500000,0x000000cfa7600000)]
  0x000001f4e886b420 JavaThread "mysql-cj-abandoned-connection-cleanup" daemon [_thread_blocked, id=12728, stack(0x000000cfa7600000,0x000000cfa7700000)]

Other Threads:
  0x000001f49214c670 VMThread "VM Thread" [stack: 0x000000cfa5900000,0x000000cfa5a00000] [id=11916]
  0x000001f4e850a860 WatcherThread [stack: 0x000000cfa6800000,0x000000cfa6900000] [id=10448]
  0x000001f4920e3b90 GCTaskThread "GC Thread#0" [stack: 0x000000cfa5400000,0x000000cfa5500000] [id=16480]
  0x000001f4e85af070 GCTaskThread "GC Thread#1" [stack: 0x000000cfa6900000,0x000000cfa6a00000] [id=18188]
  0x000001f4e86f27a0 GCTaskThread "GC Thread#2" [stack: 0x000000cfa6a00000,0x000000cfa6b00000] [id=18084]
  0x000001f4e86f2a60 GCTaskThread "GC Thread#3" [stack: 0x000000cfa6b00000,0x000000cfa6c00000] [id=17136]
  0x000001f4920ed0a0 ConcurrentGCThread "G1 Main Marker" [stack: 0x000000cfa5500000,0x000000cfa5600000] [id=4472]
  0x000001f4920ed9c0 ConcurrentGCThread "G1 Conc#0" [stack: 0x000000cfa5600000,0x000000cfa5700000] [id=1184]
  0x000001f49212bd50 ConcurrentGCThread "G1 Refine#0" [stack: 0x000000cfa5700000,0x000000cfa5800000] [id=18176]
  0x000001f4e85b0c30 ConcurrentGCThread "G1 Refine#1" [stack: 0x000000cfa6c00000,0x000000cfa6d00000] [id=14988]
  0x000001f49212e5a0 ConcurrentGCThread "G1 Service" [stack: 0x000000cfa5800000,0x000000cfa5900000] [id=11900]

Threads with active compile tasks:

VM state: not at safepoint (normal execution)

VM Mutex/Monitor currently owned by a thread:  ([mutex/lock_event])
[0x000001f4920a38e0] Metaspace_lock - owner thread: 0x000001f4e886c350

Heap address: 0x00000000c8800000, size: 888 MB, Compressed Oops mode: 32-bit

CDS archive(s) mapped at: [0x000001f4a3000000-0x000001f4a3bd0000-0x000001f4a3bd0000), size 12386304, SharedBaseAddress: 0x000001f4a3000000, ArchiveRelocationMode: 1.
Compressed class space mapped at: 0x000001f4a4000000-0x000001f4e4000000, reserved size: 1073741824
Narrow klass base: 0x000001f4a3000000, Narrow klass shift: 0, Narrow klass range: 0x100000000

GC Precious Log:
 CPUs: 4 total, 4 available
 Memory: 3551M
 Large Page Support: Disabled
 NUMA Support: Disabled
 Compressed Oops: Enabled (32-bit)
 Heap Region Size: 1M
 Heap Min Capacity: 8M
 Heap Initial Capacity: 56M
 Heap Max Capacity: 888M
 Pre-touch: Disabled
 Parallel Workers: 4
 Concurrent Workers: 1
 Concurrent Refinement Workers: 4
 Periodic GC: Disabled

Heap:
 garbage-first heap   total 51200K, used 29764K [0x00000000c8800000, 0x0000000100000000)
  region size 1024K, 14 young (14336K), 2 survivors (2048K)
 Metaspace       used 38415K, committed 38848K, reserved 1114112K
  class space    used 5352K, committed 5568K, reserved 1048576K

Heap Regions: E=young(eden), S=young(survivor), O=old, HS=humongous(starts), HC=humongous(continues), CS=collection set, F=free, OA=open archive, CA=closed archive, TAMS=top-at-mark-start (previous, next)
|   0|0x00000000c8800000, 0x00000000c8900000, 0x00000000c8900000|100%|HS|  |TAMS 0x00000000c8900000, 0x00000000c8800000| Complete 
|   1|0x00000000c8900000, 0x00000000c8a00000, 0x00000000c8a00000|100%| O|  |TAMS 0x00000000c8a00000, 0x00000000c8900000| Untracked 
|   2|0x00000000c8a00000, 0x00000000c8b00000, 0x00000000c8b00000|100%| O|  |TAMS 0x00000000c8b00000, 0x00000000c8a00000| Untracked 
|   3|0x00000000c8b00000, 0x00000000c8c00000, 0x00000000c8c00000|100%| O|  |TAMS 0x00000000c8c00000, 0x00000000c8b00000| Untracked 
|   4|0x00000000c8c00000, 0x00000000c8d00000, 0x00000000c8d00000|100%| O|  |TAMS 0x00000000c8d00000, 0x00000000c8c00000| Untracked 
|   5|0x00000000c8d00000, 0x00000000c8e00000, 0x00000000c8e00000|100%| O|  |TAMS 0x00000000c8e00000, 0x00000000c8d00000| Untracked 
|   6|0x00000000c8e00000, 0x00000000c8f00000, 0x00000000c8f00000|100%| O|  |TAMS 0x00000000c8f00000, 0x00000000c8e00000| Untracked 
|   7|0x00000000c8f00000, 0x00000000c9000000, 0x00000000c9000000|100%| O|  |TAMS 0x00000000c9000000, 0x00000000c8f00000| Untracked 
|   8|0x00000000c9000000, 0x00000000c9100000, 0x00000000c9100000|100%| O|  |TAMS 0x00000000c9100000, 0x00000000c9000000| Untracked 
|   9|0x00000000c9100000, 0x00000000c9200000, 0x00000000c9200000|100%| O|  |TAMS 0x00000000c9200000, 0x00000000c9100000| Untracked 
|  10|0x00000000c9200000, 0x00000000c9226e00, 0x00000000c9300000| 15%| O|  |TAMS 0x00000000c9226e00, 0x00000000c9200000| Untracked 
|  11|0x00000000c9300000, 0x00000000c9400000, 0x00000000c9400000|100%| O|  |TAMS 0x00000000c9400000, 0x00000000c9300000| Untracked 
|  12|0x00000000c9400000, 0x00000000c9500000, 0x00000000c9500000|100%| O|  |TAMS 0x00000000c9500000, 0x00000000c9400000| Untracked 
|  13|0x00000000c9500000, 0x00000000c9600000, 0x00000000c9600000|100%| O|  |TAMS 0x00000000c9600000, 0x00000000c9500000| Untracked 
|  14|0x00000000c9600000, 0x00000000c9700000, 0x00000000c9700000|100%| O|  |TAMS 0x00000000c9700000, 0x00000000c9600000| Untracked 
|  15|0x00000000c9700000, 0x00000000c9800000, 0x00000000c9800000|100%| O|  |TAMS 0x00000000c9800000, 0x00000000c9700000| Untracked 
|  16|0x00000000c9800000, 0x00000000c9900000, 0x00000000c9900000|100%| O|  |TAMS 0x00000000c9800000, 0x00000000c9800000| Untracked 
|  17|0x00000000c9900000, 0x00000000c994fa00, 0x00000000c9a00000| 31%| O|  |TAMS 0x00000000c9900000, 0x00000000c9900000| Untracked 
|  18|0x00000000c9a00000, 0x00000000c9a00000, 0x00000000c9b00000|  0%| F|  |TAMS 0x00000000c9a00000, 0x00000000c9a00000| Untracked 
|  19|0x00000000c9b00000, 0x00000000c9b00000, 0x00000000c9c00000|  0%| F|  |TAMS 0x00000000c9b00000, 0x00000000c9b00000| Untracked 
|  20|0x00000000c9c00000, 0x00000000c9d00000, 0x00000000c9d00000|100%| O|  |TAMS 0x00000000c9cf3800, 0x00000000c9c00000| Untracked 
|  21|0x00000000c9d00000, 0x00000000c9d00000, 0x00000000c9e00000|  0%| F|  |TAMS 0x00000000c9d00000, 0x00000000c9d00000| Untracked 
|  22|0x00000000c9e00000, 0x00000000c9e00000, 0x00000000c9f00000|  0%| F|  |TAMS 0x00000000c9e00000, 0x00000000c9e00000| Untracked 
|  23|0x00000000c9f00000, 0x00000000c9f00000, 0x00000000ca000000|  0%| F|  |TAMS 0x00000000c9f00000, 0x00000000c9f00000| Untracked 
|  24|0x00000000ca000000, 0x00000000ca000000, 0x00000000ca100000|  0%| F|  |TAMS 0x00000000ca000000, 0x00000000ca000000| Untracked 
|  25|0x00000000ca100000, 0x00000000ca100000, 0x00000000ca200000|  0%| F|  |TAMS 0x00000000ca100000, 0x00000000ca100000| Untracked 
|  26|0x00000000ca200000, 0x00000000ca200000, 0x00000000ca300000|  0%| F|  |TAMS 0x00000000ca200000, 0x00000000ca200000| Untracked 
|  27|0x00000000ca300000, 0x00000000ca300000, 0x00000000ca400000|  0%| F|  |TAMS 0x00000000ca300000, 0x00000000ca300000| Untracked 
|  28|0x00000000ca400000, 0x00000000ca400000, 0x00000000ca500000|  0%| F|  |TAMS 0x00000000ca400000, 0x00000000ca400000| Untracked 
|  29|0x00000000ca500000, 0x00000000ca500000, 0x00000000ca600000|  0%| F|  |TAMS 0x00000000ca500000, 0x00000000ca500000| Untracked 
|  30|0x00000000ca600000, 0x00000000ca600000, 0x00000000ca700000|  0%| F|  |TAMS 0x00000000ca600000, 0x00000000ca600000| Untracked 
|  31|0x00000000ca700000, 0x00000000ca700000, 0x00000000ca800000|  0%| F|  |TAMS 0x00000000ca700000, 0x00000000ca700000| Untracked 
|  32|0x00000000ca800000, 0x00000000ca800000, 0x00000000ca900000|  0%| F|  |TAMS 0x00000000ca800000, 0x00000000ca800000| Untracked 
|  33|0x00000000ca900000, 0x00000000ca900000, 0x00000000caa00000|  0%| F|  |TAMS 0x00000000ca900000, 0x00000000ca900000| Untracked 
|  34|0x00000000caa00000, 0x00000000caa00000, 0x00000000cab00000|  0%| F|  |TAMS 0x00000000caa00000, 0x00000000caa00000| Untracked 
|  35|0x00000000cab00000, 0x00000000cab00000, 0x00000000cac00000|  0%| F|  |TAMS 0x00000000cab00000, 0x00000000cab00000| Untracked 
|  36|0x00000000cac00000, 0x00000000cac5ee58, 0x00000000cad00000| 37%| E|  |TAMS 0x00000000cac00000, 0x00000000cac00000| Complete 
|  37|0x00000000cad00000, 0x00000000cae00000, 0x00000000cae00000|100%| E|CS|TAMS 0x00000000cad00000, 0x00000000cad00000| Complete 
|  38|0x00000000cae00000, 0x00000000caf00000, 0x00000000caf00000|100%| E|CS|TAMS 0x00000000cae00000, 0x00000000cae00000| Complete 
|  39|0x00000000caf00000, 0x00000000cb000000, 0x00000000cb000000|100%| E|CS|TAMS 0x00000000caf00000, 0x00000000caf00000| Complete 
|  40|0x00000000cb000000, 0x00000000cb09aa70, 0x00000000cb100000| 60%| S|CS|TAMS 0x00000000cb000000, 0x00000000cb000000| Complete 
|  41|0x00000000cb100000, 0x00000000cb200000, 0x00000000cb200000|100%| S|CS|TAMS 0x00000000cb100000, 0x00000000cb100000| Complete 
|  42|0x00000000cb200000, 0x00000000cb300000, 0x00000000cb300000|100%| E|  |TAMS 0x00000000cb200000, 0x00000000cb200000| Complete 
|  43|0x00000000cb300000, 0x00000000cb400000, 0x00000000cb400000|100%| E|CS|TAMS 0x00000000cb300000, 0x00000000cb300000| Complete 
|  44|0x00000000cb400000, 0x00000000cb500000, 0x00000000cb500000|100%| E|CS|TAMS 0x00000000cb400000, 0x00000000cb400000| Complete 
|  45|0x00000000cb500000, 0x00000000cb600000, 0x00000000cb600000|100%| E|CS|TAMS 0x00000000cb500000, 0x00000000cb500000| Complete 
|  46|0x00000000cb600000, 0x00000000cb700000, 0x00000000cb700000|100%| E|CS|TAMS 0x00000000cb600000, 0x00000000cb600000| Complete 
|  47|0x00000000cb700000, 0x00000000cb800000, 0x00000000cb800000|100%| E|CS|TAMS 0x00000000cb700000, 0x00000000cb700000| Complete 
|  48|0x00000000cb800000, 0x00000000cb900000, 0x00000000cb900000|100%| E|CS|TAMS 0x00000000cb800000, 0x00000000cb800000| Complete 
|  55|0x00000000cbf00000, 0x00000000cc000000, 0x00000000cc000000|100%| E|CS|TAMS 0x00000000cbf00000, 0x00000000cbf00000| Complete 

Card table byte_map: [0x000001f49e7c0000,0x000001f49e980000] _byte_map_base: 0x000001f49e17c000

Marking Bits (Prev, Next): (CMBitMap*) 0x000001f4920e50d0, (CMBitMap*) 0x000001f4920e5110
 Prev Bits: [0x000001f49eb40000, 0x000001f49f920000)
 Next Bits: [0x000001f49f920000, 0x000001f4a0700000)

Polling page: 0x000001f491f60000

Metaspace:

Usage:
  Non-class:     32.29 MB used.
      Class:      5.23 MB used.
       Both:     37.51 MB used.

Virtual space:
  Non-class space:       64.00 MB reserved,      32.50 MB ( 51%) committed,  1 nodes.
      Class space:        1.00 GB reserved,       5.44 MB ( <1%) committed,  1 nodes.
             Both:        1.06 GB reserved,      37.94 MB (  3%) committed. 

Chunk freelists:
   Non-Class:  14.92 MB
       Class:  10.45 MB
        Both:  25.38 MB

MaxMetaspaceSize: unlimited
CompressedClassSpaceSize: 1.00 GB
Initial GC threshold: 21.00 MB
Current GC threshold: 58.88 MB
CDS: on
MetaspaceReclaimPolicy: balanced
 - commit_granule_bytes: 65536.
 - commit_granule_words: 8192.
 - virtual_space_node_default_size: 8388608.
 - enlarge_chunks_in_place: 1.
 - new_chunks_are_fully_committed: 0.
 - uncommit_free_chunks: 1.
 - use_allocation_guard: 0.
 - handle_deallocations: 1.


Internal statistics:

num_allocs_failed_limit: 6.
num_arena_births: 628.
num_arena_deaths: 0.
num_vsnodes_births: 2.
num_vsnodes_deaths: 0.
num_space_committed: 607.
num_space_uncommitted: 0.
num_chunks_returned_to_freelist: 6.
num_chunks_taken_from_freelist: 1980.
num_chunk_merges: 6.
num_chunk_splits: 1411.
num_chunks_enlarged: 1063.
num_inconsistent_stats: 0.

CodeCache: size=49152Kb used=7033Kb max_used=7544Kb free=42118Kb
 bounds [0x000001f49b160000, 0x000001f49b8c0000, 0x000001f49e160000]
 total_blobs=4323 nmethods=3774 adapters=477
 compilation: enabled
              stopped_count=0, restarted_count=0
 full_count=0

Compilation events (20 events):
Event: 16.176 Thread 0x000001f492165120 3766       1       java.util.ServiceLoader$ModuleServicesLookupIterator::iteratorFor (191 bytes)
Event: 16.180 Thread 0x000001f492165120 nmethod 3766 0x000001f49b302910 code [0x000001f49b302cc0, 0x000001f49b303d58]
Event: 16.180 Thread 0x000001f492165120 3765       1       java.util.Collection::stream (11 bytes)
Event: 16.181 Thread 0x000001f492165120 nmethod 3765 0x000001f49b302390 code [0x000001f49b302560, 0x000001f49b3027d8]
Event: 16.181 Thread 0x000001f492165120 3767       1       java.util.stream.AbstractPipeline::spliterator (116 bytes)
Event: 16.181 Thread 0x000001f492165120 nmethod 3767 0x000001f49b301b90 code [0x000001f49b301d80, 0x000001f49b302188]
Event: 16.213 Thread 0x000001f492165120 3768       1       java.util.stream.ReferencePipeline::iterator (8 bytes)
Event: 16.214 Thread 0x000001f492165120 nmethod 3768 0x000001f49b301690 code [0x000001f49b301840, 0x000001f49b301a78]
Event: 16.214 Thread 0x000001f492165120 3769       1       java.util.Spliterators::iterator (14 bytes)
Event: 16.214 Thread 0x000001f492165120 nmethod 3769 0x000001f49b301210 code [0x000001f49b3013c0, 0x000001f49b3015c8]
Event: 16.214 Thread 0x000001f492165120 3770       1       java.util.Spliterators$1Adapter::<init> (15 bytes)
Event: 16.215 Thread 0x000001f492165120 nmethod 3770 0x000001f49b300f10 code [0x000001f49b3010a0, 0x000001f49b3011b8]
Event: 16.227 Thread 0x000001f492165120 3771       1       java.util.regex.Pattern::append (43 bytes)
Event: 16.228 Thread 0x000001f492165120 nmethod 3771 0x000001f49b300490 code [0x000001f49b300640, 0x000001f49b300978]
Event: 16.492 Thread 0x000001f492165120 3772       1       java.lang.reflect.Modifier::isVolatile (13 bytes)
Event: 16.492 Thread 0x000001f492165120 nmethod 3772 0x000001f49b2ffe90 code [0x000001f49b300020, 0x000001f49b3000d8]
Event: 16.492 Thread 0x000001f492165120 3773       1       java.lang.reflect.Field::getFieldAccessor (35 bytes)
Event: 16.492 Thread 0x000001f492165120 nmethod 3773 0x000001f49b2ffb90 code [0x000001f49b2ffd20, 0x000001f49b2ffe28]
Event: 16.551 Thread 0x000001f492165120 3774       1       java.io.ObjectOutputStream::writeShort (9 bytes)
Event: 16.552 Thread 0x000001f492165120 nmethod 3774 0x000001f49b2fef90 code [0x000001f49b2ff120, 0x000001f49b2ff208]

GC Heap History (20 events):
Event: 2.817 GC heap before
{Heap before GC invocations=0 (full 0):
 garbage-first heap   total 57344K, used 13312K [0x00000000c8800000, 0x0000000100000000)
  region size 1024K, 13 young (13312K), 0 survivors (0K)
 Metaspace       used 5372K, committed 5632K, reserved 1114112K
  class space    used 647K, committed 768K, reserved 1048576K
}
Event: 2.834 GC heap after
{Heap after GC invocations=1 (full 0):
 garbage-first heap   total 57344K, used 6512K [0x00000000c8800000, 0x0000000100000000)
  region size 1024K, 2 young (2048K), 2 survivors (2048K)
 Metaspace       used 5372K, committed 5632K, reserved 1114112K
  class space    used 647K, committed 768K, reserved 1048576K
}
Event: 3.526 GC heap before
{Heap before GC invocations=1 (full 0):
 garbage-first heap   total 57344K, used 14704K [0x00000000c8800000, 0x0000000100000000)
  region size 1024K, 10 young (10240K), 2 survivors (2048K)
 Metaspace       used 7554K, committed 7744K, reserved 1114112K
  class space    used 979K, committed 1088K, reserved 1048576K
}
Event: 3.539 GC heap after
{Heap after GC invocations=2 (full 0):
 garbage-first heap   total 57344K, used 7707K [0x00000000c8800000, 0x0000000100000000)
  region size 1024K, 2 young (2048K), 2 survivors (2048K)
 Metaspace       used 7554K, committed 7744K, reserved 1114112K
  class space    used 979K, committed 1088K, reserved 1048576K
}
Event: 4.810 GC heap before
{Heap before GC invocations=2 (full 0):
 garbage-first heap   total 57344K, used 23067K [0x00000000c8800000, 0x0000000100000000)
  region size 1024K, 18 young (18432K), 2 survivors (2048K)
 Metaspace       used 10356K, committed 10624K, reserved 1114112K
  class space    used 1414K, committed 1536K, reserved 1048576K
}
Event: 4.816 GC heap after
{Heap after GC invocations=3 (full 0):
 garbage-first heap   total 57344K, used 8898K [0x00000000c8800000, 0x0000000100000000)
  region size 1024K, 3 young (3072K), 3 survivors (3072K)
 Metaspace       used 10356K, committed 10624K, reserved 1114112K
  class space    used 1414K, committed 1536K, reserved 1048576K
}
Event: 5.796 GC heap before
{Heap before GC invocations=3 (full 0):
 garbage-first heap   total 57344K, used 36546K [0x00000000c8800000, 0x0000000100000000)
  region size 1024K, 31 young (31744K), 3 survivors (3072K)
 Metaspace       used 17130K, committed 17408K, reserved 1114112K
  class space    used 2286K, committed 2432K, reserved 1048576K
}
Event: 5.806 GC heap after
{Heap after GC invocations=4 (full 0):
 garbage-first heap   total 57344K, used 10540K [0x00000000c8800000, 0x0000000100000000)
  region size 1024K, 3 young (3072K), 3 survivors (3072K)
 Metaspace       used 17130K, committed 17408K, reserved 1114112K
  class space    used 2286K, committed 2432K, reserved 1048576K
}
Event: 7.437 GC heap before
{Heap before GC invocations=4 (full 0):
 garbage-first heap   total 57344K, used 38188K [0x00000000c8800000, 0x0000000100000000)
  region size 1024K, 30 young (30720K), 3 survivors (3072K)
 Metaspace       used 19763K, committed 20096K, reserved 1114112K
  class space    used 2666K, committed 2816K, reserved 1048576K
}
Event: 7.447 GC heap after
{Heap after GC invocations=5 (full 0):
 garbage-first heap   total 57344K, used 12520K [0x00000000c8800000, 0x0000000100000000)
  region size 1024K, 4 young (4096K), 4 survivors (4096K)
 Metaspace       used 19763K, committed 20096K, reserved 1114112K
  class space    used 2666K, committed 2816K, reserved 1048576K
}
Event: 8.203 GC heap before
{Heap before GC invocations=5 (full 0):
 garbage-first heap   total 57344K, used 22760K [0x00000000c8800000, 0x0000000100000000)
  region size 1024K, 15 young (15360K), 4 survivors (4096K)
 Metaspace       used 21237K, committed 21504K, reserved 1114112K
  class space    used 2887K, committed 3008K, reserved 1048576K
}
Event: 8.214 GC heap after
{Heap after GC invocations=6 (full 0):
 garbage-first heap   total 57344K, used 13183K [0x00000000c8800000, 0x0000000100000000)
  region size 1024K, 3 young (3072K), 3 survivors (3072K)
 Metaspace       used 21237K, committed 21504K, reserved 1114112K
  class space    used 2887K, committed 3008K, reserved 1048576K
}
Event: 10.239 GC heap before
{Heap before GC invocations=7 (full 0):
 garbage-first heap   total 51200K, used 39807K [0x00000000c8800000, 0x0000000100000000)
  region size 1024K, 30 young (30720K), 3 survivors (3072K)
 Metaspace       used 25890K, committed 26304K, reserved 1114112K
  class space    used 3598K, committed 3776K, reserved 1048576K
}
Event: 10.255 GC heap after
{Heap after GC invocations=8 (full 0):
 garbage-first heap   total 51200K, used 16532K [0x00000000c8800000, 0x0000000100000000)
  region size 1024K, 4 young (4096K), 4 survivors (4096K)
 Metaspace       used 25890K, committed 26304K, reserved 1114112K
  class space    used 3598K, committed 3776K, reserved 1048576K
}
Event: 11.738 GC heap before
{Heap before GC invocations=8 (full 0):
 garbage-first heap   total 51200K, used 37012K [0x00000000c8800000, 0x0000000100000000)
  region size 1024K, 24 young (24576K), 4 survivors (4096K)
 Metaspace       used 28888K, committed 29312K, reserved 1114112K
  class space    used 3985K, committed 4160K, reserved 1048576K
}
Event: 11.754 GC heap after
{Heap after GC invocations=9 (full 0):
 garbage-first heap   total 51200K, used 18054K [0x00000000c8800000, 0x0000000100000000)
  region size 1024K, 2 young (2048K), 2 survivors (2048K)
 Metaspace       used 28888K, committed 29312K, reserved 1114112K
  class space    used 3985K, committed 4160K, reserved 1048576K
}
Event: 13.496 GC heap before
{Heap before GC invocations=9 (full 0):
 garbage-first heap   total 51200K, used 37510K [0x00000000c8800000, 0x0000000100000000)
  region size 1024K, 21 young (21504K), 2 survivors (2048K)
 Metaspace       used 33243K, committed 33664K, reserved 1114112K
  class space    used 4690K, committed 4864K, reserved 1048576K
}
Event: 13.505 GC heap after
{Heap after GC invocations=10 (full 0):
 garbage-first heap   total 51200K, used 18822K [0x00000000c8800000, 0x0000000100000000)
  region size 1024K, 3 young (3072K), 3 survivors (3072K)
 Metaspace       used 33243K, committed 33664K, reserved 1114112K
  class space    used 4690K, committed 4864K, reserved 1048576K
}
Event: 14.228 GC heap before
{Heap before GC invocations=10 (full 0):
 garbage-first heap   total 51200K, used 25990K [0x00000000c8800000, 0x0000000100000000)
  region size 1024K, 11 young (11264K), 3 survivors (3072K)
 Metaspace       used 35505K, committed 35968K, reserved 1114112K
  class space    used 4935K, committed 5184K, reserved 1048576K
}
Event: 14.237 GC heap after
{Heap after GC invocations=11 (full 0):
 garbage-first heap   total 51200K, used 19524K [0x00000000c8800000, 0x0000000100000000)
  region size 1024K, 2 young (2048K), 2 survivors (2048K)
 Metaspace       used 35505K, committed 35968K, reserved 1114112K
  class space    used 4935K, committed 5184K, reserved 1048576K
}

Deoptimization events (0 events):
No events

Classes unloaded (0 events):
No events

Classes redefined (0 events):
No events

Internal exceptions (20 events):
Event: 9.493 Thread 0x000001f4e886c350 Exception <a 'java/lang/NoSuchMethodError'{0x00000000ca522058}: 'void java.lang.invoke.DirectMethodHandle$Holder.invokeStatic(java.lang.Object, java.lang.Object, java.lang.Object, int, java.lang.Object)'> (0x00000000ca522058) 
thrown [s\open\src\hotspot\share\interpreter\linkResolver.cpp, line 759]
Event: 9.495 Thread 0x000001f4e886c350 Exception <a 'java/lang/NoSuchMethodError'{0x00000000ca5294d8}: 'java.lang.Object java.lang.invoke.DirectMethodHandle$Holder.newInvokeSpecial(java.lang.Object, java.lang.Object, java.lang.Object, int)'> (0x00000000ca5294d8) 
thrown [s\open\src\hotspot\share\interpreter\linkResolver.cpp, line 759]
Event: 9.496 Thread 0x000001f4e886c350 Exception <a 'java/lang/NoSuchMethodError'{0x00000000ca52d7c0}: 'java.lang.Object java.lang.invoke.DirectMethodHandle$Holder.invokeSpecial(java.lang.Object, java.lang.Object, java.lang.Object, java.lang.Object, int)'> (0x00000000ca52d7c0) 
thrown [s\open\src\hotspot\share\interpreter\linkResolver.cpp, line 759]
Event: 9.497 Thread 0x000001f4e886c350 Exception <a 'java/lang/NoSuchMethodError'{0x00000000ca531388}: 'java.lang.Object java.lang.invoke.Invokers$Holder.linkToTargetMethod(java.lang.Object, java.lang.Object, int, java.lang.Object)'> (0x00000000ca531388) 
thrown [s\open\src\hotspot\share\interpreter\linkResolver.cpp, line 759]
Event: 9.620 Thread 0x000001f4e882e730 Exception <a 'java/lang/reflect/InvocationTargetException'{0x00000000caa58988}> (0x00000000caa58988) 
thrown [s\open\src\hotspot\share\runtime\reflection.cpp, line 1121]
Event: 10.126 Thread 0x000001f4e882e730 Exception <a 'java/lang/reflect/InvocationTargetException'{0x00000000caa5c098}> (0x00000000caa5c098) 
thrown [s\open\src\hotspot\share\runtime\reflection.cpp, line 1121]
Event: 10.312 Thread 0x000001f4e886c350 Exception <a 'sun/nio/fs/WindowsException'{0x00000000cb794fb0}> (0x00000000cb794fb0) 
thrown [s\open\src\hotspot\share\prims\jni.cpp, line 516]
Event: 10.314 Thread 0x000001f4e886c350 Exception <a 'sun/nio/fs/WindowsException'{0x00000000cb79a928}> (0x00000000cb79a928) 
thrown [s\open\src\hotspot\share\prims\jni.cpp, line 516]
Event: 10.315 Thread 0x000001f4e886c350 Exception <a 'sun/nio/fs/WindowsException'{0x00000000cb79afd0}> (0x00000000cb79afd0) 
thrown [s\open\src\hotspot\share\prims\jni.cpp, line 516]
Event: 10.402 Thread 0x000001f4e886c350 Exception <a 'java/lang/NoSuchMethodError'{0x00000000cb6acb80}: 'java.lang.Object java.lang.invoke.DirectMethodHandle$Holder.invokeSpecial(java.lang.Object, java.lang.Object, long, java.lang.Object, java.lang.Object, java.lang.Object, java.lang.Object, java.lang.Object, java.lang.Object)'> (0x00000000cb6acb80) 
thrown [s\open\src\hotspot\share\interpreter\linkResolver.cpp, line 759]
Event: 10.402 Thread 0x000001f4e886c350 Exception <a 'java/lang/NoSuchMethodError'{0x00000000cb6b16a8}: 'java.lang.Object java.lang.invoke.DelegatingMethodHandle$Holder.reinvoke_L(java.lang.Object, long, java.lang.Object, java.lang.Object, java.lang.Object, java.lang.Object, java.lang.Object, java.lang.Object)'> (0x00000000cb6b16a8) 
thrown [s\open\src\hotspot\share\interpreter\linkResolver.cpp, line 759]
Event: 10.630 Thread 0x000001f4e882e730 Exception <a 'java/lang/reflect/InvocationTargetException'{0x00000000cb4e6580}> (0x00000000cb4e6580) 
thrown [s\open\src\hotspot\share\runtime\reflection.cpp, line 1121]
Event: 10.647 Thread 0x000001f4e886c350 Exception <a 'java/io/FileNotFoundException'{0x00000000cb4eea28}> (0x00000000cb4eea28) 
thrown [s\open\src\hotspot\share\prims\jni.cpp, line 516]
Event: 10.726 Thread 0x000001f4e886c350 Exception <a 'java/lang/NoSuchMethodError'{0x00000000cb24a510}: 'int java.lang.invoke.DirectMethodHandle$Holder.invokeInterface(java.lang.Object, java.lang.Object, java.lang.Object, java.lang.Object)'> (0x00000000cb24a510) 
thrown [s\open\src\hotspot\share\interpreter\linkResolver.cpp, line 759]
Event: 10.874 Thread 0x000001f4e886c350 Exception <a 'java/lang/NoSuchMethodError'{0x00000000cb0456e0}: 'long java.lang.invoke.DirectMethodHandle$Holder.invokeVirtual(java.lang.Object, java.lang.Object)'> (0x00000000cb0456e0) 
thrown [s\open\src\hotspot\share\interpreter\linkResolver.cpp, line 759]
Event: 10.888 Thread 0x000001f4e886c350 Exception <a 'java/io/FileNotFoundException'{0x00000000cb0795b8}> (0x00000000cb0795b8) 
thrown [s\open\src\hotspot\share\prims\jni.cpp, line 516]
Event: 11.184 Thread 0x000001f4e882e730 Exception <a 'java/lang/reflect/InvocationTargetException'{0x00000000cabe8498}> (0x00000000cabe8498) 
thrown [s\open\src\hotspot\share\runtime\reflection.cpp, line 1121]
Event: 11.242 Thread 0x000001f4e886c350 Exception <a 'sun/nio/fs/WindowsException'{0x00000000caa78bf8}> (0x00000000caa78bf8) 
thrown [s\open\src\hotspot\share\prims\jni.cpp, line 516]
Event: 13.624 Thread 0x000001f4e886c350 Exception <a 'java/lang/NoSuchMethodError'{0x00000000cbfb3668}: 'int java.lang.invoke.DirectMethodHandle$Holder.invokeStatic(java.lang.Object)'> (0x00000000cbfb3668) 
thrown [s\open\src\hotspot\share\interpreter\linkResolver.cpp, line 759]
Event: 15.484 Thread 0x000001f4e886c350 Exception <a 'java/lang/NullPointerException'{0x00000000cb721008}> (0x00000000cb721008) 
thrown [s\open\src\hotspot\share\interpreter\linkResolver.cpp, line 1350]

VM Operations (20 events):
Event: 10.778 Executing VM operation: HandshakeAllThreads
Event: 10.778 Executing VM operation: HandshakeAllThreads done
Event: 10.905 Executing VM operation: HandshakeAllThreads
Event: 10.905 Executing VM operation: HandshakeAllThreads done
Event: 11.053 Executing VM operation: HandshakeAllThreads
Event: 11.053 Executing VM operation: HandshakeAllThreads done
Event: 11.738 Executing VM operation: G1CollectForAllocation
Event: 11.754 Executing VM operation: G1CollectForAllocation done
Event: 12.766 Executing VM operation: Cleanup
Event: 12.766 Executing VM operation: Cleanup done
Event: 13.495 Executing VM operation: G1CollectForAllocation
Event: 13.505 Executing VM operation: G1CollectForAllocation done
Event: 14.228 Executing VM operation: CollectForMetadataAllocation
Event: 14.237 Executing VM operation: CollectForMetadataAllocation done
Event: 14.301 Executing VM operation: G1Concurrent
Event: 14.306 Executing VM operation: G1Concurrent done
Event: 14.337 Executing VM operation: G1Concurrent
Event: 14.337 Executing VM operation: G1Concurrent done
Event: 16.343 Executing VM operation: Cleanup
Event: 16.359 Executing VM operation: Cleanup done

Events (20 events):
Event: 14.400 loading class java/util/concurrent/atomic/AtomicReferenceFieldUpdater$AtomicReferenceFieldUpdaterImpl$1 done
Event: 14.950 Thread 0x000001f49213f920 Thread exited: 0x000001f49213f920
Event: 15.437 loading class jdk/internal/loader/BootLoader$PackageHelper
Event: 15.469 loading class jdk/internal/loader/BootLoader$PackageHelper done
Event: 15.471 loading class java/security/AllPermissionCollection
Event: 15.472 loading class java/security/AllPermissionCollection done
Event: 16.426 loading class javax/naming/RefAddr
Event: 16.427 loading class javax/naming/RefAddr done
Event: 16.427 loading class javax/naming/StringRefAddr
Event: 16.427 loading class javax/naming/StringRefAddr done
Event: 16.500 loading class java/util/concurrent/CompletionStage
Event: 16.501 loading class java/util/concurrent/CompletionStage done
Event: 16.504 loading class java/util/concurrent/CompletableFuture
Event: 16.506 loading class java/util/concurrent/CompletableFuture done
Event: 16.506 loading class java/util/concurrent/CompletableFuture$AltResult
Event: 16.507 loading class java/util/concurrent/CompletableFuture$AltResult done
Event: 16.507 loading class java/util/concurrent/CompletableFuture$Completion
Event: 16.507 loading class java/util/concurrent/CompletableFuture$AsynchronousCompletionTask
Event: 16.507 loading class java/util/concurrent/CompletableFuture$AsynchronousCompletionTask done
Event: 16.508 loading class java/util/concurrent/CompletableFuture$Completion done


Dynamic libraries:
0x00007ff6da100000 - 0x00007ff6da110000 	C:\Program Files\Java\jdk-17.0.10_windows-x64_bin\jdk-17.0.10\bin\javaw.exe
0x00007ffdccaf0000 - 0x00007ffdccce8000 	C:\Windows\SYSTEM32\ntdll.dll
0x00007ffdcbe80000 - 0x00007ffdcbf3d000 	C:\Windows\System32\KERNEL32.DLL
0x00007ffdca380000 - 0x00007ffdca676000 	C:\Windows\System32\KERNELBASE.dll
0x00007ffdcaa40000 - 0x00007ffdcab40000 	C:\Windows\System32\ucrtbase.dll
0x00007ffdc4870000 - 0x00007ffdc4889000 	C:\Program Files\Java\jdk-17.0.10_windows-x64_bin\jdk-17.0.10\bin\jli.dll
0x00007ffdcbf40000 - 0x00007ffdcbff3000 	C:\Windows\System32\ADVAPI32.dll
0x00007ffdcc1b0000 - 0x00007ffdcc24e000 	C:\Windows\System32\msvcrt.dll
0x00007ffdcbad0000 - 0x00007ffdcbb6f000 	C:\Windows\System32\sechost.dll
0x00007ffdcb5f0000 - 0x00007ffdcb716000 	C:\Windows\System32\RPCRT4.dll
0x00007ffdca880000 - 0x00007ffdca8a7000 	C:\Windows\System32\bcrypt.dll
0x00007ffdcbce0000 - 0x00007ffdcbe7e000 	C:\Windows\System32\USER32.dll
0x00007ffdca6f0000 - 0x00007ffdca712000 	C:\Windows\System32\win32u.dll
0x00007ffdcbbd0000 - 0x00007ffdcbbfc000 	C:\Windows\System32\GDI32.dll
0x00007ffdca1c0000 - 0x00007ffdca2da000 	C:\Windows\System32\gdi32full.dll
0x00007ffdca2e0000 - 0x00007ffdca37d000 	C:\Windows\System32\msvcp_win.dll
0x00007ffdb9360000 - 0x00007ffdb95fa000 	C:\Windows\WinSxS\amd64_microsoft.windows.common-controls_6595b64144ccf1df_6.0.19041.3636_none_60b6a03d71f818d5\COMCTL32.dll
0x00007ffdc11e0000 - 0x00007ffdc11ea000 	C:\Windows\SYSTEM32\VERSION.dll
0x00007ffdc4790000 - 0x00007ffdc47ab000 	C:\Program Files\Java\jdk-17.0.10_windows-x64_bin\jdk-17.0.10\bin\VCRUNTIME140.dll
0x00007ffdcca80000 - 0x00007ffdccab0000 	C:\Windows\System32\IMM32.DLL
0x00007ffdc49a0000 - 0x00007ffdc49ac000 	C:\Program Files\Java\jdk-17.0.10_windows-x64_bin\jdk-17.0.10\bin\vcruntime140_1.dll
0x00007ffdb82e0000 - 0x00007ffdb836e000 	C:\Program Files\Java\jdk-17.0.10_windows-x64_bin\jdk-17.0.10\bin\msvcp140.dll
0x00007ffd93e50000 - 0x00007ffd94a2f000 	C:\Program Files\Java\jdk-17.0.10_windows-x64_bin\jdk-17.0.10\bin\server\jvm.dll
0x00007ffdcbc20000 - 0x00007ffdcbc28000 	C:\Windows\System32\PSAPI.DLL
0x00007ffdbf330000 - 0x00007ffdbf357000 	C:\Windows\SYSTEM32\WINMM.dll
0x00007ffdc50a0000 - 0x00007ffdc50a9000 	C:\Windows\SYSTEM32\WSOCK32.dll
0x00007ffdcc140000 - 0x00007ffdcc1ab000 	C:\Windows\System32\WS2_32.dll
0x00007ffdc8070000 - 0x00007ffdc8082000 	C:\Windows\SYSTEM32\kernel.appcore.dll
0x00007ffdc2380000 - 0x00007ffdc238a000 	C:\Program Files\Java\jdk-17.0.10_windows-x64_bin\jdk-17.0.10\bin\jimage.dll
0x00007ffdb8a20000 - 0x00007ffdb8c04000 	C:\Windows\SYSTEM32\DBGHELP.DLL
0x00007ffdb83e0000 - 0x00007ffdb8414000 	C:\Windows\SYSTEM32\dbgcore.DLL
0x00007ffdca8b0000 - 0x00007ffdca932000 	C:\Windows\System32\bcryptPrimitives.dll
0x00007ffdb9220000 - 0x00007ffdb9245000 	C:\Program Files\Java\jdk-17.0.10_windows-x64_bin\jdk-17.0.10\bin\java.dll
0x00007ffdb3dc0000 - 0x00007ffdb3e97000 	C:\Program Files\Java\jdk-17.0.10_windows-x64_bin\jdk-17.0.10\bin\jsvml.dll
0x00007ffdcab40000 - 0x00007ffdcb285000 	C:\Windows\System32\SHELL32.dll
0x00007ffdc8270000 - 0x00007ffdc8a0b000 	C:\Windows\SYSTEM32\windows.storage.dll
0x00007ffdcb290000 - 0x00007ffdcb5e4000 	C:\Windows\System32\combase.dll
0x00007ffdc9b20000 - 0x00007ffdc9b4d000 	C:\Windows\SYSTEM32\Wldp.dll
0x00007ffdcb940000 - 0x00007ffdcb9ed000 	C:\Windows\System32\SHCORE.dll
0x00007ffdcc000000 - 0x00007ffdcc055000 	C:\Windows\System32\shlwapi.dll
0x00007ffdca0f0000 - 0x00007ffdca115000 	C:\Windows\SYSTEM32\profapi.dll
0x00007ffdc2300000 - 0x00007ffdc2319000 	C:\Program Files\Java\jdk-17.0.10_windows-x64_bin\jdk-17.0.10\bin\net.dll
0x00007ffdc1940000 - 0x00007ffdc1a4a000 	C:\Windows\SYSTEM32\WINHTTP.dll
0x00007ffdc9880000 - 0x00007ffdc98ea000 	C:\Windows\system32\mswsock.dll
0x00007ffdc22c0000 - 0x00007ffdc22d6000 	C:\Program Files\Java\jdk-17.0.10_windows-x64_bin\jdk-17.0.10\bin\nio.dll
0x00007ffdc2280000 - 0x00007ffdc2298000 	C:\Program Files\Java\jdk-17.0.10_windows-x64_bin\jdk-17.0.10\bin\zip.dll
0x00007ffdc12b0000 - 0x00007ffdc12ba000 	C:\Program Files\Java\jdk-17.0.10_windows-x64_bin\jdk-17.0.10\bin\management.dll
0x00007ffdc12a0000 - 0x00007ffdc12ab000 	C:\Program Files\Java\jdk-17.0.10_windows-x64_bin\jdk-17.0.10\bin\management_ext.dll
0x00007ffdb47b0000 - 0x00007ffdb47c7000 	C:\Windows\system32\napinsp.dll
0x00007ffdb4790000 - 0x00007ffdb47ab000 	C:\Windows\system32\pnrpnsp.dll
0x00007ffdc4080000 - 0x00007ffdc4095000 	C:\Windows\system32\wshbth.dll
0x00007ffdc5ba0000 - 0x00007ffdc5bbd000 	C:\Windows\system32\NLAapi.dll
0x00007ffdc9570000 - 0x00007ffdc95ab000 	C:\Windows\SYSTEM32\IPHLPAPI.DLL
0x00007ffdc95b0000 - 0x00007ffdc967a000 	C:\Windows\SYSTEM32\DNSAPI.dll
0x00007ffdcb930000 - 0x00007ffdcb938000 	C:\Windows\System32\NSI.dll
0x00007ffdb4770000 - 0x00007ffdb4782000 	C:\Windows\System32\winrnr.dll
0x00007ffdc1380000 - 0x00007ffdc138a000 	C:\Windows\System32\rasadhlp.dll
0x00007ffdbc040000 - 0x00007ffdbc0c0000 	C:\Windows\System32\fwpuclnt.dll
0x00007ffdc9a70000 - 0x00007ffdc9a88000 	C:\Windows\SYSTEM32\CRYPTSP.dll
0x00007ffdc91b0000 - 0x00007ffdc91e4000 	C:\Windows\system32\rsaenh.dll
0x00007ffdca070000 - 0x00007ffdca09e000 	C:\Windows\SYSTEM32\USERENV.dll
0x00007ffdc9a90000 - 0x00007ffdc9a9c000 	C:\Windows\SYSTEM32\CRYPTBASE.dll
0x00007ffdc32a0000 - 0x00007ffdc32b7000 	C:\Windows\SYSTEM32\dhcpcsvc6.DLL
0x00007ffdc3250000 - 0x00007ffdc326d000 	C:\Windows\SYSTEM32\dhcpcsvc.DLL
0x00007ffdc03b0000 - 0x00007ffdc03be000 	C:\Program Files\Java\jdk-17.0.10_windows-x64_bin\jdk-17.0.10\bin\sunmscapi.dll
0x00007ffdca720000 - 0x00007ffdca87d000 	C:\Windows\System32\CRYPT32.dll
0x00007ffdc9b90000 - 0x00007ffdc9bb8000 	C:\Windows\SYSTEM32\ncrypt.dll
0x00007ffdc9b50000 - 0x00007ffdc9b8b000 	C:\Windows\SYSTEM32\NTASN1.dll
0x00007ffdbc190000 - 0x00007ffdbc1a0000 	C:\Program Files\Java\jdk-17.0.10_windows-x64_bin\jdk-17.0.10\bin\verify.dll

dbghelp: loaded successfully - version: 4.0.5 - missing functions: none
symbol engine: initialized successfully - sym options: 0x614 - pdb path: .;C:\Program Files\Java\jdk-17.0.10_windows-x64_bin\jdk-17.0.10\bin;C:\Windows\SYSTEM32;C:\Windows\WinSxS\amd64_microsoft.windows.common-controls_6595b64144ccf1df_6.0.19041.3636_none_60b6a03d71f818d5;C:\Program Files\Java\jdk-17.0.10_windows-x64_bin\jdk-17.0.10\bin\server

VM Arguments:
jvm_args: -Dcom.sun.management.jmxremote -Dcom.sun.management.jmxremote.port=58319 -Dcom.sun.management.jmxremote.authenticate=false -Dcom.sun.management.jmxremote.ssl=false -Djava.rmi.server.hostname=localhost -Dspring.jmx.enabled=true -Dmanagement.endpoints.jmx.exposure.include=* -Dspring.application.admin.enabled=true -XX:TieredStopAtLevel=1 -Dspring.boot.project.name=management -Dfile.encoding=UTF-8 -Dstdout.encoding=UTF-8 -Dstderr.encoding=UTF-8 -XX:+ShowCodeDetailsInExceptionMessages 
java_command: com.becoder.ManagementApplication --spring.output.ansi.enabled=always
java_class_path (initial): C:\Users\Hp\Documents\workspace-spring-tool-suite-4-4.21.0.RELEASE\management\bin\main;C:\Users\Hp\.gradle\caches\modules-2\files-2.1\org.springframework.boot\spring-boot-starter-data-jpa\3.1.8\d157dc734feb12cb2c8525d1ef67ee7cd95795aa\spring-boot-starter-data-jpa-3.1.8.jar;C:\Users\Hp\.gradle\caches\modules-2\files-2.1\org.springframework.boot\spring-boot-starter-thymeleaf\3.1.8\c24940eddc48476acb6ffa9802d59c547a82d700\spring-boot-starter-thymeleaf-3.1.8.jar;C:\Users\Hp\.gradle\caches\modules-2\files-2.1\org.springframework.boot\spring-boot-starter-web\3.1.8\f72ce8b84b6d5ea6d3cd51d629764a9597d27139\spring-boot-starter-web-3.1.8.jar;C:\Users\Hp\.gradle\caches\modules-2\files-2.1\org.springframework.boot\spring-boot-starter-aop\3.1.8\64b165c608e42f99caf5cd298aeb7fdfea57a958\spring-boot-starter-aop-3.1.8.jar;C:\Users\Hp\.gradle\caches\modules-2\files-2.1\org.springframework.boot\spring-boot-starter-jdbc\3.1.8\206d7227773ac5d6cc841f9ddefd5c35af907e3b\spring-boot-starter-jdbc-3.1.8.jar;C:\Users\Hp\.gradle\caches\modules-2\files-2.1\org.hibernate.orm\hibernate-core\6.2.20.Final\3d7cd85a7402632222f84a7c804028178bc2a346\hibernate-core-6.2.20.Final.jar;C:\Users\Hp\.gradle\caches\modules-2\files-2.1\org.springframework.data\spring-data-jpa\3.1.8\ba81dddada13a33acc8c153c1e3c23a9f9ba2684\spring-data-jpa-3.1.8.jar;C:\Users\Hp\.gradle\caches\modules-2\files-2.1\org.springframework\spring-aspects\6.0.16\74eacdfb38b90d334b7fa56016c048c60314dd2c\spring-aspects-6.0.16.jar;C:\Users\Hp\.gradle\caches\modules-2\files-2.1\org.springframework.boot\spring-boot-starter-json\3.1.8\2803ff01bc49652a7bf197a3c971988153502368\spring-boot-starter-json-3.1.8.jar;C:\Users\Hp\.gradle\caches\modules-2\files-2.1\org.springframework.boot\spring-boot-starter\3.1.8\7f2837e46b9d9938da97c878b8de73c685ffb264\spring-boot-starter-3.1.8.jar;C:\Users\Hp\.gradle\caches\modules-2\files-2.1\org.thymeleaf\thymeleaf-spring6\3.1.2.RELEASE\6030c7b4e260c41336f378e53da6e8531263f24b\thymeleaf-
Launcher Type: SUN_STANDARD

[Global flags]
     intx CICompilerCount                          = 3                                         {product} {ergonomic}
     uint ConcGCThreads                            = 1                                         {product} {ergonomic}
     uint G1ConcRefinementThreads                  = 4                                         {product} {ergonomic}
   size_t G1HeapRegionSize                         = 1048576                                   {product} {ergonomic}
    uintx GCDrainStackTargetSize                   = 64                                        {product} {ergonomic}
   size_t InitialHeapSize                          = 58720256                                  {product} {ergonomic}
     bool ManagementServer                         = true                                      {product} {command line}
   size_t MarkStackSize                            = 4194304                                   {product} {ergonomic}
   size_t MaxHeapSize                              = 931135488                                 {product} {ergonomic}
   size_t MaxNewSize                               = 557842432                                 {product} {ergonomic}
   size_t MinHeapDeltaBytes                        = 1048576                                   {product} {ergonomic}
   size_t MinHeapSize                              = 8388608                                   {product} {ergonomic}
    uintx NonProfiledCodeHeapSize                  = 0                                      {pd product} {ergonomic}
     bool ProfileInterpreter                       = false                                  {pd product} {command line}
    uintx ProfiledCodeHeapSize                     = 0                                      {pd product} {ergonomic}
     bool ShowCodeDetailsInExceptionMessages       = true                                   {manageable} {command line}
   size_t SoftMaxHeapSize                          = 931135488                              {manageable} {ergonomic}
     intx TieredStopAtLevel                        = 1                                         {product} {command line}
     bool UseCompressedClassPointers               = true                           {product lp64_product} {ergonomic}
     bool UseCompressedOops                        = true                           {product lp64_product} {ergonomic}
     bool UseG1GC                                  = true                                      {product} {ergonomic}
     bool UseLargePagesIndividualAllocation        = false                                  {pd product} {ergonomic}

Logging:
Log output configuration:
 #0: stdout all=warning uptime,level,tags
 #1: stderr all=off uptime,level,tags

Environment Variables:
PATH=C:/Users/Hp/AppData/Local/Temp/Rar$EXa10500.36906/sts-4.21.0.RELEASE//plugins/org.eclipse.justj.openjdk.hotspot.jre.full.win32.x86_64_17.0.9.v20231028-0858/jre/bin/server;C:/Users/Hp/AppData/Local/Temp/Rar$EXa10500.36906/sts-4.21.0.RELEASE//plugins/org.eclipse.justj.openjdk.hotspot.jre.full.win32.x86_64_17.0.9.v20231028-0858/jre/bin;C:\Program Files\WinRAR;C:\Program Files (x86)\VMware\VMware Player\bin\;C:\Program Files\Java\jdk-16.0.1\bin;C:\Program Files (x86)\Common Files\Oracle\Java\javapath;C:\Windows;C:\Windows\System32\Wbem;C:\Windows\System32\WindowsPowerShell\v1.0\;C:\Windows\System32\OpenSSH\;C:\Users\Hp\AppData\Local\Programs\Python\Python310;C:\Program Files\MySQL\MySQL Shell 8.0\bin\;C:\Program Files\Java\jdk-16.0.1\bin;C:\Users\Hp\AppData\Local\Programs\Python\Python310;C:\Users\Hp\AppData\Local\Programs\Microsoft VS Code\bin;C:\Program Files (x86)\Inno Setup 6;;C:\Users\Hp\AppData\Local\Temp\Rar$EXa10500.36906\sts-4.21.0.RELEASE;
USERNAME=Hp
OS=Windows_NT
PROCESSOR_IDENTIFIER=AMD64 Family 22 Model 48 Stepping 1, AuthenticAMD



---------------  S Y S T E M  ---------------

OS:
 Windows 10 , 64 bit Build 19041 (10.0.19041.3636)
OS uptime: 0 days 5:39 hours

CPU: total 4 (initial active 4) (4 cores per cpu, 1 threads per core) family 22 model 48 stepping 1 microcode 0x0, cx8, cmov, fxsr, mmx, 3dnowpref, sse, sse2, sse3, ssse3, sse4a, sse4.1, sse4.2, popcnt, lzcnt, tsc, tscinvbit, avx, aes, clmul, bmi1, vzeroupper, clflush

Memory: 4k page, system-wide physical 3551M (246M free)
TotalPageFile size 14303M (AvailPageFile size 0M)
current process WorkingSet (physical memory assigned to process): 149M, peak: 149M
current process commit charge ("private bytes"): 182M, peak: 182M

vm_info: Java HotSpot(TM) 64-Bit Server VM (17.0.10+11-LTS-240) for windows-amd64 JRE (17.0.10+11-LTS-240), built on Dec 19 2023 21:47:25 by "mach5one" with MS VC++ 17.1 (VS2022)

END.
